CRITICAL - 2022-02-08 10:36:39 --> syntax error, unexpected '}', expecting end of file
#0 D:\Book-py3\PHP\project\test2\system\Router\Router.php(176): CodeIgniter\Router\Router->autoRoute('checkuser')
#1 D:\Book-py3\PHP\project\test2\system\CodeIgniter.php(718): CodeIgniter\Router\Router->handle('checkuser')
#2 D:\Book-py3\PHP\project\test2\system\CodeIgniter.php(359): CodeIgniter\CodeIgniter->tryToRouteIt(Object(CodeIgniter\Router\RouteCollection))
#3 D:\Book-py3\PHP\project\test2\system\CodeIgniter.php(318): CodeIgniter\CodeIgniter->handleRequest(NULL, Object(Config\Cache), false)
#4 D:\Book-py3\PHP\project\test2\public\index.php(37): CodeIgniter\CodeIgniter->run()
#5 D:\Book-py3\PHP\project\test2\system\Commands\Server\rewrite.php(43): require_once('D:\\Book-py3\\PHP...')
#6 {main}
CRITICAL - 2022-02-08 10:37:05 --> Call to undefined function display_error()
#0 D:\Book-py3\PHP\project\test2\app\Views\page.php(96): include()
#1 D:\Book-py3\PHP\project\test2\system\View\View.php(214): include('D:\\Book-py3\\PHP...')
#2 D:\Book-py3\PHP\project\test2\system\View\View.php(217): CodeIgniter\View\View->CodeIgniter\View\{closure}()
#3 D:\Book-py3\PHP\project\test2\system\Common.php(1097): CodeIgniter\View\View->render('page', Array, true)
#4 D:\Book-py3\PHP\project\test2\app\Controllers\checkuser.php(34): view('page', Array)
#5 D:\Book-py3\PHP\project\test2\system\CodeIgniter.php(824): App\Controllers\checkuser->index()
#6 D:\Book-py3\PHP\project\test2\system\CodeIgniter.php(410): CodeIgniter\CodeIgniter->runController(Object(App\Controllers\checkuser))
#7 D:\Book-py3\PHP\project\test2\system\CodeIgniter.php(318): CodeIgniter\CodeIgniter->handleRequest(NULL, Object(Config\Cache), false)
#8 D:\Book-py3\PHP\project\test2\public\index.php(37): CodeIgniter\CodeIgniter->run()
#9 D:\Book-py3\PHP\project\test2\system\Commands\Server\rewrite.php(43): require_once('D:\\Book-py3\\PHP...')
#10 {main}
CRITICAL - 2022-02-08 10:38:33 --> Call to undefined function display_error()
#0 D:\Book-py3\PHP\project\test2\app\Views\page.php(96): include()
#1 D:\Book-py3\PHP\project\test2\system\View\View.php(214): include('D:\\Book-py3\\PHP...')
#2 D:\Book-py3\PHP\project\test2\system\View\View.php(217): CodeIgniter\View\View->CodeIgniter\View\{closure}()
#3 D:\Book-py3\PHP\project\test2\system\Common.php(1097): CodeIgniter\View\View->render('page', Array, true)
#4 D:\Book-py3\PHP\project\test2\app\Controllers\checkuser.php(34): view('page', Array)
#5 D:\Book-py3\PHP\project\test2\system\CodeIgniter.php(824): App\Controllers\checkuser->index()
#6 D:\Book-py3\PHP\project\test2\system\CodeIgniter.php(410): CodeIgniter\CodeIgniter->runController(Object(App\Controllers\checkuser))
#7 D:\Book-py3\PHP\project\test2\system\CodeIgniter.php(318): CodeIgniter\CodeIgniter->handleRequest(NULL, Object(Config\Cache), false)
#8 D:\Book-py3\PHP\project\test2\public\index.php(37): CodeIgniter\CodeIgniter->run()
#9 D:\Book-py3\PHP\project\test2\system\Commands\Server\rewrite.php(43): require_once('D:\\Book-py3\\PHP...')
#10 {main}
CRITICAL - 2022-02-08 10:38:39 --> Call to undefined function display_error()
#0 D:\Book-py3\PHP\project\test2\app\Views\page.php(96): include()
#1 D:\Book-py3\PHP\project\test2\system\View\View.php(214): include('D:\\Book-py3\\PHP...')
#2 D:\Book-py3\PHP\project\test2\system\View\View.php(217): CodeIgniter\View\View->CodeIgniter\View\{closure}()
#3 D:\Book-py3\PHP\project\test2\system\Common.php(1097): CodeIgniter\View\View->render('page', Array, true)
#4 D:\Book-py3\PHP\project\test2\app\Controllers\checkuser.php(34): view('page', Array)
#5 D:\Book-py3\PHP\project\test2\system\CodeIgniter.php(824): App\Controllers\checkuser->index()
#6 D:\Book-py3\PHP\project\test2\system\CodeIgniter.php(410): CodeIgniter\CodeIgniter->runController(Object(App\Controllers\checkuser))
#7 D:\Book-py3\PHP\project\test2\system\CodeIgniter.php(318): CodeIgniter\CodeIgniter->handleRequest(NULL, Object(Config\Cache), false)
#8 D:\Book-py3\PHP\project\test2\public\index.php(37): CodeIgniter\CodeIgniter->run()
#9 D:\Book-py3\PHP\project\test2\system\Commands\Server\rewrite.php(43): require_once('D:\\Book-py3\\PHP...')
#10 {main}
CRITICAL - 2022-02-08 10:39:19 --> session_start(): A session had already been started - ignoring
#0 [internal function]: CodeIgniter\Debug\Exceptions->errorHandler(8, 'session_start()...', 'D:\\Book-py3\\PHP...', 2, Array)
#1 D:\Book-py3\PHP\project\test2\app\Views\page.php(2): session_start()
#2 D:\Book-py3\PHP\project\test2\system\View\View.php(214): include('D:\\Book-py3\\PHP...')
#3 D:\Book-py3\PHP\project\test2\system\View\View.php(217): CodeIgniter\View\View->CodeIgniter\View\{closure}()
#4 D:\Book-py3\PHP\project\test2\system\Common.php(1097): CodeIgniter\View\View->render('page', Array, true)
#5 D:\Book-py3\PHP\project\test2\app\Controllers\checkuser.php(34): view('page', Array)
#6 D:\Book-py3\PHP\project\test2\system\CodeIgniter.php(824): App\Controllers\checkuser->index()
#7 D:\Book-py3\PHP\project\test2\system\CodeIgniter.php(410): CodeIgniter\CodeIgniter->runController(Object(App\Controllers\checkuser))
#8 D:\Book-py3\PHP\project\test2\system\CodeIgniter.php(318): CodeIgniter\CodeIgniter->handleRequest(NULL, Object(Config\Cache), false)
#9 D:\Book-py3\PHP\project\test2\public\index.php(37): CodeIgniter\CodeIgniter->run()
#10 D:\Book-py3\PHP\project\test2\system\Commands\Server\rewrite.php(43): require_once('D:\\Book-py3\\PHP...')
#11 {main}
CRITICAL - 2022-02-08 10:39:47 --> Call to undefined function display_error()
#0 D:\Book-py3\PHP\project\test2\app\Views\page.php(92): include()
#1 D:\Book-py3\PHP\project\test2\system\View\View.php(214): include('D:\\Book-py3\\PHP...')
#2 D:\Book-py3\PHP\project\test2\system\View\View.php(217): CodeIgniter\View\View->CodeIgniter\View\{closure}()
#3 D:\Book-py3\PHP\project\test2\system\Common.php(1097): CodeIgniter\View\View->render('page', Array, true)
#4 D:\Book-py3\PHP\project\test2\app\Controllers\checkuser.php(34): view('page', Array)
#5 D:\Book-py3\PHP\project\test2\system\CodeIgniter.php(824): App\Controllers\checkuser->index()
#6 D:\Book-py3\PHP\project\test2\system\CodeIgniter.php(410): CodeIgniter\CodeIgniter->runController(Object(App\Controllers\checkuser))
#7 D:\Book-py3\PHP\project\test2\system\CodeIgniter.php(318): CodeIgniter\CodeIgniter->handleRequest(NULL, Object(Config\Cache), false)
#8 D:\Book-py3\PHP\project\test2\public\index.php(37): CodeIgniter\CodeIgniter->run()
#9 D:\Book-py3\PHP\project\test2\system\Commands\Server\rewrite.php(43): require_once('D:\\Book-py3\\PHP...')
#10 {main}
CRITICAL - 2022-02-08 10:51:02 --> Call to undefined function display_error()
#0 D:\Book-py3\PHP\project\test2\app\Views\page.php(92): include()
#1 D:\Book-py3\PHP\project\test2\system\View\View.php(214): include('D:\\Book-py3\\PHP...')
#2 D:\Book-py3\PHP\project\test2\system\View\View.php(217): CodeIgniter\View\View->CodeIgniter\View\{closure}()
#3 D:\Book-py3\PHP\project\test2\system\Common.php(1097): CodeIgniter\View\View->render('page', Array, true)
#4 D:\Book-py3\PHP\project\test2\app\Controllers\front\checkuser.php(34): view('page', Array)
#5 D:\Book-py3\PHP\project\test2\system\CodeIgniter.php(824): App\Controllers\front\checkuser->index()
#6 D:\Book-py3\PHP\project\test2\system\CodeIgniter.php(410): CodeIgniter\CodeIgniter->runController(Object(App\Controllers\front\checkuser))
#7 D:\Book-py3\PHP\project\test2\system\CodeIgniter.php(318): CodeIgniter\CodeIgniter->handleRequest(NULL, Object(Config\Cache), false)
#8 D:\Book-py3\PHP\project\test2\public\index.php(37): CodeIgniter\CodeIgniter->run()
#9 D:\Book-py3\PHP\project\test2\system\Commands\Server\rewrite.php(43): require_once('D:\\Book-py3\\PHP...')
#10 {main}
CRITICAL - 2022-02-08 10:52:31 --> Call to undefined function display_error()
#0 D:\Book-py3\PHP\project\test2\app\Views\page.php(92): include()
#1 D:\Book-py3\PHP\project\test2\system\View\View.php(214): include('D:\\Book-py3\\PHP...')
#2 D:\Book-py3\PHP\project\test2\system\View\View.php(217): CodeIgniter\View\View->CodeIgniter\View\{closure}()
#3 D:\Book-py3\PHP\project\test2\system\Common.php(1097): CodeIgniter\View\View->render('page', Array, true)
#4 D:\Book-py3\PHP\project\test2\app\Controllers\front\checkuser.php(36): view('page', Array)
#5 D:\Book-py3\PHP\project\test2\system\CodeIgniter.php(824): App\Controllers\front\checkuser->index()
#6 D:\Book-py3\PHP\project\test2\system\CodeIgniter.php(410): CodeIgniter\CodeIgniter->runController(Object(App\Controllers\front\checkuser))
#7 D:\Book-py3\PHP\project\test2\system\CodeIgniter.php(318): CodeIgniter\CodeIgniter->handleRequest(NULL, Object(Config\Cache), false)
#8 D:\Book-py3\PHP\project\test2\public\index.php(37): CodeIgniter\CodeIgniter->run()
#9 D:\Book-py3\PHP\project\test2\system\Commands\Server\rewrite.php(43): require_once('D:\\Book-py3\\PHP...')
#10 {main}
