CRITICAL - 2022-02-10 06:53:42 --> Undefined property: stdClass::$BrandName
#0 D:\Book-py3\PHP\project\test2\app\Views\home.php(92): CodeIgniter\Debug\Exceptions->errorHandler(8, 'Undefined prope...', 'D:\\Book-py3\\PHP...', 92, Array)
#1 D:\Book-py3\PHP\project\test2\system\View\View.php(214): include('D:\\Book-py3\\PHP...')
#2 D:\Book-py3\PHP\project\test2\system\View\View.php(217): CodeIgniter\View\View->CodeIgniter\View\{closure}()
#3 D:\Book-py3\PHP\project\test2\system\Common.php(1097): CodeIgniter\View\View->render('home', Array, true)
#4 D:\Book-py3\PHP\project\test2\app\Controllers\front\Home.php(29): view('home', Array)
#5 D:\Book-py3\PHP\project\test2\system\CodeIgniter.php(824): App\Controllers\front\Home->index()
#6 D:\Book-py3\PHP\project\test2\system\CodeIgniter.php(410): CodeIgniter\CodeIgniter->runController(Object(App\Controllers\front\Home))
#7 D:\Book-py3\PHP\project\test2\system\CodeIgniter.php(318): CodeIgniter\CodeIgniter->handleRequest(NULL, Object(Config\Cache), false)
#8 D:\Book-py3\PHP\project\test2\public\index.php(37): CodeIgniter\CodeIgniter->run()
#9 D:\Book-py3\PHP\project\test2\system\Commands\Server\rewrite.php(43): require_once('D:\\Book-py3\\PHP...')
#10 {main}
ERROR - 2022-02-10 07:04:51 --> Unknown column 'tblbrands.BrandName' in 'field list'
CRITICAL - 2022-02-10 07:04:51 --> Unknown column 'tblbrands.BrandName' in 'field list'
#0 D:\Book-py3\PHP\project\test2\system\Database\MySQLi\Connection.php(292): mysqli->query('SELECT `tblvehi...', 0)
#1 D:\Book-py3\PHP\project\test2\system\Database\BaseConnection.php(670): CodeIgniter\Database\MySQLi\Connection->execute('SELECT `tblvehi...')
#2 D:\Book-py3\PHP\project\test2\system\Database\BaseConnection.php(598): CodeIgniter\Database\BaseConnection->simpleQuery('SELECT `tblvehi...')
#3 D:\Book-py3\PHP\project\test2\system\Database\BaseBuilder.php(1443): CodeIgniter\Database\BaseConnection->query('SELECT `tblvehi...', Array, false)
#4 D:\Book-py3\PHP\project\test2\app\Models\VehiclesModel.php(80): CodeIgniter\Database\BaseBuilder->get()
#5 D:\Book-py3\PHP\project\test2\app\Controllers\front\Home.php(22): App\Models\VehiclesModel->showhome()
#6 D:\Book-py3\PHP\project\test2\system\CodeIgniter.php(824): App\Controllers\front\Home->index()
#7 D:\Book-py3\PHP\project\test2\system\CodeIgniter.php(410): CodeIgniter\CodeIgniter->runController(Object(App\Controllers\front\Home))
#8 D:\Book-py3\PHP\project\test2\system\CodeIgniter.php(318): CodeIgniter\CodeIgniter->handleRequest(NULL, Object(Config\Cache), false)
#9 D:\Book-py3\PHP\project\test2\public\index.php(37): CodeIgniter\CodeIgniter->run()
#10 D:\Book-py3\PHP\project\test2\system\Commands\Server\rewrite.php(43): require_once('D:\\Book-py3\\PHP...')
#11 {main}
ERROR - 2022-02-10 07:05:10 --> Unknown column 'tblvehicles.id' in 'field list'
CRITICAL - 2022-02-10 07:05:10 --> Unknown column 'tblvehicles.id' in 'field list'
#0 D:\Book-py3\PHP\project\test2\system\Database\MySQLi\Connection.php(292): mysqli->query('SELECT `tblvehi...', 0)
#1 D:\Book-py3\PHP\project\test2\system\Database\BaseConnection.php(670): CodeIgniter\Database\MySQLi\Connection->execute('SELECT `tblvehi...')
#2 D:\Book-py3\PHP\project\test2\system\Database\BaseConnection.php(598): CodeIgniter\Database\BaseConnection->simpleQuery('SELECT `tblvehi...')
#3 D:\Book-py3\PHP\project\test2\system\Database\BaseBuilder.php(1443): CodeIgniter\Database\BaseConnection->query('SELECT `tblvehi...', Array, false)
#4 D:\Book-py3\PHP\project\test2\app\Models\VehiclesModel.php(80): CodeIgniter\Database\BaseBuilder->get()
#5 D:\Book-py3\PHP\project\test2\app\Controllers\front\Home.php(22): App\Models\VehiclesModel->showhome()
#6 D:\Book-py3\PHP\project\test2\system\CodeIgniter.php(824): App\Controllers\front\Home->index()
#7 D:\Book-py3\PHP\project\test2\system\CodeIgniter.php(410): CodeIgniter\CodeIgniter->runController(Object(App\Controllers\front\Home))
#8 D:\Book-py3\PHP\project\test2\system\CodeIgniter.php(318): CodeIgniter\CodeIgniter->handleRequest(NULL, Object(Config\Cache), false)
#9 D:\Book-py3\PHP\project\test2\public\index.php(37): CodeIgniter\CodeIgniter->run()
#10 D:\Book-py3\PHP\project\test2\system\Commands\Server\rewrite.php(43): require_once('D:\\Book-py3\\PHP...')
#11 {main}
CRITICAL - 2022-02-10 07:44:03 --> Invalid file: vehicle-details.php
#0 D:\Book-py3\PHP\project\test2\system\View\View.php(198): CodeIgniter\Exceptions\FrameworkException::forInvalidFile('vehicle-details...')
#1 D:\Book-py3\PHP\project\test2\system\Common.php(1097): CodeIgniter\View\View->render('vehicle-details', Array, true)
#2 D:\Book-py3\PHP\project\test2\app\Controllers\front\Vehicle_details.php(10): view('vehicle-details')
#3 D:\Book-py3\PHP\project\test2\system\CodeIgniter.php(824): App\Controllers\front\Vehicle_details->index()
#4 D:\Book-py3\PHP\project\test2\system\CodeIgniter.php(410): CodeIgniter\CodeIgniter->runController(Object(App\Controllers\front\Vehicle_details))
#5 D:\Book-py3\PHP\project\test2\system\CodeIgniter.php(318): CodeIgniter\CodeIgniter->handleRequest(NULL, Object(Config\Cache), false)
#6 D:\Book-py3\PHP\project\test2\public\index.php(37): CodeIgniter\CodeIgniter->run()
#7 D:\Book-py3\PHP\project\test2\system\Commands\Server\rewrite.php(43): require_once('D:\\Book-py3\\PHP...')
#8 {main}
CRITICAL - 2022-02-10 07:55:54 --> Call to undefined function set_value()
#0 D:\Book-py3\PHP\project\test2\app\Views\vehical_details.php(325): include()
#1 D:\Book-py3\PHP\project\test2\system\View\View.php(214): include('D:\\Book-py3\\PHP...')
#2 D:\Book-py3\PHP\project\test2\system\View\View.php(217): CodeIgniter\View\View->CodeIgniter\View\{closure}()
#3 D:\Book-py3\PHP\project\test2\system\Common.php(1097): CodeIgniter\View\View->render('vehical_details', Array, true)
#4 D:\Book-py3\PHP\project\test2\app\Controllers\front\Vedetails.php(10): view('vehical_details')
#5 D:\Book-py3\PHP\project\test2\system\CodeIgniter.php(824): App\Controllers\front\Vedetails->index()
#6 D:\Book-py3\PHP\project\test2\system\CodeIgniter.php(410): CodeIgniter\CodeIgniter->runController(Object(App\Controllers\front\Vedetails))
#7 D:\Book-py3\PHP\project\test2\system\CodeIgniter.php(318): CodeIgniter\CodeIgniter->handleRequest(NULL, Object(Config\Cache), false)
#8 D:\Book-py3\PHP\project\test2\public\index.php(37): CodeIgniter\CodeIgniter->run()
#9 D:\Book-py3\PHP\project\test2\system\Commands\Server\rewrite.php(43): require_once('D:\\Book-py3\\PHP...')
#10 {main}
CRITICAL - 2022-02-10 07:55:57 --> Call to undefined function set_value()
#0 D:\Book-py3\PHP\project\test2\app\Views\vehical_details.php(325): include()
#1 D:\Book-py3\PHP\project\test2\system\View\View.php(214): include('D:\\Book-py3\\PHP...')
#2 D:\Book-py3\PHP\project\test2\system\View\View.php(217): CodeIgniter\View\View->CodeIgniter\View\{closure}()
#3 D:\Book-py3\PHP\project\test2\system\Common.php(1097): CodeIgniter\View\View->render('vehical_details', Array, true)
#4 D:\Book-py3\PHP\project\test2\app\Controllers\front\Vedetails.php(10): view('vehical_details')
#5 D:\Book-py3\PHP\project\test2\system\CodeIgniter.php(824): App\Controllers\front\Vedetails->index()
#6 D:\Book-py3\PHP\project\test2\system\CodeIgniter.php(410): CodeIgniter\CodeIgniter->runController(Object(App\Controllers\front\Vedetails))
#7 D:\Book-py3\PHP\project\test2\system\CodeIgniter.php(318): CodeIgniter\CodeIgniter->handleRequest(NULL, Object(Config\Cache), false)
#8 D:\Book-py3\PHP\project\test2\public\index.php(37): CodeIgniter\CodeIgniter->run()
#9 D:\Book-py3\PHP\project\test2\system\Commands\Server\rewrite.php(43): require_once('D:\\Book-py3\\PHP...')
#10 {main}
CRITICAL - 2022-02-10 07:56:55 --> Call to undefined function set_value()
#0 D:\Book-py3\PHP\project\test2\app\Views\vehical_details.php(325): include()
#1 D:\Book-py3\PHP\project\test2\system\View\View.php(214): include('D:\\Book-py3\\PHP...')
#2 D:\Book-py3\PHP\project\test2\system\View\View.php(217): CodeIgniter\View\View->CodeIgniter\View\{closure}()
#3 D:\Book-py3\PHP\project\test2\system\Common.php(1097): CodeIgniter\View\View->render('vehical_details', Array, true)
#4 D:\Book-py3\PHP\project\test2\app\Controllers\front\Vedetails.php(10): view('vehical_details')
#5 D:\Book-py3\PHP\project\test2\system\CodeIgniter.php(824): App\Controllers\front\Vedetails->index()
#6 D:\Book-py3\PHP\project\test2\system\CodeIgniter.php(410): CodeIgniter\CodeIgniter->runController(Object(App\Controllers\front\Vedetails))
#7 D:\Book-py3\PHP\project\test2\system\CodeIgniter.php(318): CodeIgniter\CodeIgniter->handleRequest(NULL, Object(Config\Cache), false)
#8 D:\Book-py3\PHP\project\test2\public\index.php(37): CodeIgniter\CodeIgniter->run()
#9 D:\Book-py3\PHP\project\test2\system\Commands\Server\rewrite.php(43): require_once('D:\\Book-py3\\PHP...')
#10 {main}
CRITICAL - 2022-02-10 07:58:53 --> Undefined variable: userdata
#0 D:\Book-py3\PHP\project\test2\app\Views\includes\header.php(55): CodeIgniter\Debug\Exceptions->errorHandler(8, 'Undefined varia...', 'D:\\Book-py3\\PHP...', 55, Array)
#1 D:\Book-py3\PHP\project\test2\app\Views\vehical_details.php(47): include('D:\\Book-py3\\PHP...')
#2 D:\Book-py3\PHP\project\test2\system\View\View.php(214): include('D:\\Book-py3\\PHP...')
#3 D:\Book-py3\PHP\project\test2\system\View\View.php(217): CodeIgniter\View\View->CodeIgniter\View\{closure}()
#4 D:\Book-py3\PHP\project\test2\system\Common.php(1097): CodeIgniter\View\View->render('vehical_details', Array, true)
#5 D:\Book-py3\PHP\project\test2\app\Controllers\front\Vedetails.php(10): view('vehical_details')
#6 D:\Book-py3\PHP\project\test2\system\CodeIgniter.php(824): App\Controllers\front\Vedetails->index()
#7 D:\Book-py3\PHP\project\test2\system\CodeIgniter.php(410): CodeIgniter\CodeIgniter->runController(Object(App\Controllers\front\Vedetails))
#8 D:\Book-py3\PHP\project\test2\system\CodeIgniter.php(318): CodeIgniter\CodeIgniter->handleRequest(NULL, Object(Config\Cache), false)
#9 D:\Book-py3\PHP\project\test2\public\index.php(37): CodeIgniter\CodeIgniter->run()
#10 D:\Book-py3\PHP\project\test2\system\Commands\Server\rewrite.php(43): require_once('D:\\Book-py3\\PHP...')
#11 {main}
CRITICAL - 2022-02-10 07:59:29 --> Undefined variable: userdata
#0 D:\Book-py3\PHP\project\test2\app\Views\includes\header.php(55): CodeIgniter\Debug\Exceptions->errorHandler(8, 'Undefined varia...', 'D:\\Book-py3\\PHP...', 55, Array)
#1 D:\Book-py3\PHP\project\test2\app\Views\page.php(49): include('D:\\Book-py3\\PHP...')
#2 D:\Book-py3\PHP\project\test2\system\View\View.php(214): include('D:\\Book-py3\\PHP...')
#3 D:\Book-py3\PHP\project\test2\system\View\View.php(217): CodeIgniter\View\View->CodeIgniter\View\{closure}()
#4 D:\Book-py3\PHP\project\test2\system\Common.php(1097): CodeIgniter\View\View->render('page', Array, true)
#5 D:\Book-py3\PHP\project\test2\app\Controllers\front\Page.php(10): view('page')
#6 D:\Book-py3\PHP\project\test2\system\CodeIgniter.php(824): App\Controllers\front\Page->index()
#7 D:\Book-py3\PHP\project\test2\system\CodeIgniter.php(410): CodeIgniter\CodeIgniter->runController(Object(App\Controllers\front\Page))
#8 D:\Book-py3\PHP\project\test2\system\CodeIgniter.php(318): CodeIgniter\CodeIgniter->handleRequest(NULL, Object(Config\Cache), false)
#9 D:\Book-py3\PHP\project\test2\public\index.php(37): CodeIgniter\CodeIgniter->run()
#10 D:\Book-py3\PHP\project\test2\system\Commands\Server\rewrite.php(43): require_once('D:\\Book-py3\\PHP...')
#11 {main}
CRITICAL - 2022-02-10 07:59:47 --> Undefined variable: userdata
#0 D:\Book-py3\PHP\project\test2\app\Views\includes\header.php(55): CodeIgniter\Debug\Exceptions->errorHandler(8, 'Undefined varia...', 'D:\\Book-py3\\PHP...', 55, Array)
#1 D:\Book-py3\PHP\project\test2\app\Views\page.php(49): include('D:\\Book-py3\\PHP...')
#2 D:\Book-py3\PHP\project\test2\system\View\View.php(214): include('D:\\Book-py3\\PHP...')
#3 D:\Book-py3\PHP\project\test2\system\View\View.php(217): CodeIgniter\View\View->CodeIgniter\View\{closure}()
#4 D:\Book-py3\PHP\project\test2\system\Common.php(1097): CodeIgniter\View\View->render('page', Array, true)
#5 D:\Book-py3\PHP\project\test2\app\Controllers\front\Page.php(10): view('page')
#6 D:\Book-py3\PHP\project\test2\system\CodeIgniter.php(824): App\Controllers\front\Page->index()
#7 D:\Book-py3\PHP\project\test2\system\CodeIgniter.php(410): CodeIgniter\CodeIgniter->runController(Object(App\Controllers\front\Page))
#8 D:\Book-py3\PHP\project\test2\system\CodeIgniter.php(318): CodeIgniter\CodeIgniter->handleRequest(NULL, Object(Config\Cache), false)
#9 D:\Book-py3\PHP\project\test2\public\index.php(37): CodeIgniter\CodeIgniter->run()
#10 D:\Book-py3\PHP\project\test2\system\Commands\Server\rewrite.php(43): require_once('D:\\Book-py3\\PHP...')
#11 {main}
CRITICAL - 2022-02-10 07:59:49 --> Undefined variable: userdata
#0 D:\Book-py3\PHP\project\test2\app\Views\includes\header.php(55): CodeIgniter\Debug\Exceptions->errorHandler(8, 'Undefined varia...', 'D:\\Book-py3\\PHP...', 55, Array)
#1 D:\Book-py3\PHP\project\test2\app\Views\page.php(49): include('D:\\Book-py3\\PHP...')
#2 D:\Book-py3\PHP\project\test2\system\View\View.php(214): include('D:\\Book-py3\\PHP...')
#3 D:\Book-py3\PHP\project\test2\system\View\View.php(217): CodeIgniter\View\View->CodeIgniter\View\{closure}()
#4 D:\Book-py3\PHP\project\test2\system\Common.php(1097): CodeIgniter\View\View->render('page', Array, true)
#5 D:\Book-py3\PHP\project\test2\app\Controllers\front\Page.php(10): view('page')
#6 D:\Book-py3\PHP\project\test2\system\CodeIgniter.php(824): App\Controllers\front\Page->index()
#7 D:\Book-py3\PHP\project\test2\system\CodeIgniter.php(410): CodeIgniter\CodeIgniter->runController(Object(App\Controllers\front\Page))
#8 D:\Book-py3\PHP\project\test2\system\CodeIgniter.php(318): CodeIgniter\CodeIgniter->handleRequest(NULL, Object(Config\Cache), false)
#9 D:\Book-py3\PHP\project\test2\public\index.php(37): CodeIgniter\CodeIgniter->run()
#10 D:\Book-py3\PHP\project\test2\system\Commands\Server\rewrite.php(43): require_once('D:\\Book-py3\\PHP...')
#11 {main}
CRITICAL - 2022-02-10 07:59:50 --> Undefined variable: userdata
#0 D:\Book-py3\PHP\project\test2\app\Views\includes\header.php(55): CodeIgniter\Debug\Exceptions->errorHandler(8, 'Undefined varia...', 'D:\\Book-py3\\PHP...', 55, Array)
#1 D:\Book-py3\PHP\project\test2\app\Views\page.php(49): include('D:\\Book-py3\\PHP...')
#2 D:\Book-py3\PHP\project\test2\system\View\View.php(214): include('D:\\Book-py3\\PHP...')
#3 D:\Book-py3\PHP\project\test2\system\View\View.php(217): CodeIgniter\View\View->CodeIgniter\View\{closure}()
#4 D:\Book-py3\PHP\project\test2\system\Common.php(1097): CodeIgniter\View\View->render('page', Array, true)
#5 D:\Book-py3\PHP\project\test2\app\Controllers\front\Page.php(10): view('page')
#6 D:\Book-py3\PHP\project\test2\system\CodeIgniter.php(824): App\Controllers\front\Page->index()
#7 D:\Book-py3\PHP\project\test2\system\CodeIgniter.php(410): CodeIgniter\CodeIgniter->runController(Object(App\Controllers\front\Page))
#8 D:\Book-py3\PHP\project\test2\system\CodeIgniter.php(318): CodeIgniter\CodeIgniter->handleRequest(NULL, Object(Config\Cache), false)
#9 D:\Book-py3\PHP\project\test2\public\index.php(37): CodeIgniter\CodeIgniter->run()
#10 D:\Book-py3\PHP\project\test2\system\Commands\Server\rewrite.php(43): require_once('D:\\Book-py3\\PHP...')
#11 {main}
CRITICAL - 2022-02-10 07:59:53 --> Undefined variable: userdata
#0 D:\Book-py3\PHP\project\test2\app\Views\includes\header.php(55): CodeIgniter\Debug\Exceptions->errorHandler(8, 'Undefined varia...', 'D:\\Book-py3\\PHP...', 55, Array)
#1 D:\Book-py3\PHP\project\test2\app\Views\page.php(49): include('D:\\Book-py3\\PHP...')
#2 D:\Book-py3\PHP\project\test2\system\View\View.php(214): include('D:\\Book-py3\\PHP...')
#3 D:\Book-py3\PHP\project\test2\system\View\View.php(217): CodeIgniter\View\View->CodeIgniter\View\{closure}()
#4 D:\Book-py3\PHP\project\test2\system\Common.php(1097): CodeIgniter\View\View->render('page', Array, true)
#5 D:\Book-py3\PHP\project\test2\app\Controllers\front\Page.php(10): view('page')
#6 D:\Book-py3\PHP\project\test2\system\CodeIgniter.php(824): App\Controllers\front\Page->index()
#7 D:\Book-py3\PHP\project\test2\system\CodeIgniter.php(410): CodeIgniter\CodeIgniter->runController(Object(App\Controllers\front\Page))
#8 D:\Book-py3\PHP\project\test2\system\CodeIgniter.php(318): CodeIgniter\CodeIgniter->handleRequest(NULL, Object(Config\Cache), false)
#9 D:\Book-py3\PHP\project\test2\public\index.php(37): CodeIgniter\CodeIgniter->run()
#10 D:\Book-py3\PHP\project\test2\system\Commands\Server\rewrite.php(43): require_once('D:\\Book-py3\\PHP...')
#11 {main}
CRITICAL - 2022-02-10 08:00:08 --> Call to undefined function set_value()
#0 D:\Book-py3\PHP\project\test2\app\Views\page.php(92): include()
#1 D:\Book-py3\PHP\project\test2\system\View\View.php(214): include('D:\\Book-py3\\PHP...')
#2 D:\Book-py3\PHP\project\test2\system\View\View.php(217): CodeIgniter\View\View->CodeIgniter\View\{closure}()
#3 D:\Book-py3\PHP\project\test2\system\Common.php(1097): CodeIgniter\View\View->render('page', Array, true)
#4 D:\Book-py3\PHP\project\test2\app\Controllers\front\Page.php(10): view('page')
#5 D:\Book-py3\PHP\project\test2\system\CodeIgniter.php(824): App\Controllers\front\Page->index()
#6 D:\Book-py3\PHP\project\test2\system\CodeIgniter.php(410): CodeIgniter\CodeIgniter->runController(Object(App\Controllers\front\Page))
#7 D:\Book-py3\PHP\project\test2\system\CodeIgniter.php(318): CodeIgniter\CodeIgniter->handleRequest(NULL, Object(Config\Cache), false)
#8 D:\Book-py3\PHP\project\test2\public\index.php(37): CodeIgniter\CodeIgniter->run()
#9 D:\Book-py3\PHP\project\test2\system\Commands\Server\rewrite.php(43): require_once('D:\\Book-py3\\PHP...')
#10 {main}
CRITICAL - 2022-02-10 08:00:17 --> Call to undefined function set_value()
#0 D:\Book-py3\PHP\project\test2\app\Views\page.php(92): include()
#1 D:\Book-py3\PHP\project\test2\system\View\View.php(214): include('D:\\Book-py3\\PHP...')
#2 D:\Book-py3\PHP\project\test2\system\View\View.php(217): CodeIgniter\View\View->CodeIgniter\View\{closure}()
#3 D:\Book-py3\PHP\project\test2\system\Common.php(1097): CodeIgniter\View\View->render('page', Array, true)
#4 D:\Book-py3\PHP\project\test2\app\Controllers\front\Page.php(10): view('page')
#5 D:\Book-py3\PHP\project\test2\system\CodeIgniter.php(824): App\Controllers\front\Page->index()
#6 D:\Book-py3\PHP\project\test2\system\CodeIgniter.php(410): CodeIgniter\CodeIgniter->runController(Object(App\Controllers\front\Page))
#7 D:\Book-py3\PHP\project\test2\system\CodeIgniter.php(318): CodeIgniter\CodeIgniter->handleRequest(NULL, Object(Config\Cache), false)
#8 D:\Book-py3\PHP\project\test2\public\index.php(37): CodeIgniter\CodeIgniter->run()
#9 D:\Book-py3\PHP\project\test2\system\Commands\Server\rewrite.php(43): require_once('D:\\Book-py3\\PHP...')
#10 {main}
CRITICAL - 2022-02-10 08:01:20 --> Call to undefined function set_value()
#0 D:\Book-py3\PHP\project\test2\app\Views\contact_us.php(156): include()
#1 D:\Book-py3\PHP\project\test2\system\View\View.php(214): include('D:\\Book-py3\\PHP...')
#2 D:\Book-py3\PHP\project\test2\system\View\View.php(217): CodeIgniter\View\View->CodeIgniter\View\{closure}()
#3 D:\Book-py3\PHP\project\test2\system\Common.php(1097): CodeIgniter\View\View->render('contact_us', Array, true)
#4 D:\Book-py3\PHP\project\test2\app\Controllers\front\Contact_us.php(10): view('contact_us')
#5 D:\Book-py3\PHP\project\test2\system\CodeIgniter.php(824): App\Controllers\front\Contact_us->index()
#6 D:\Book-py3\PHP\project\test2\system\CodeIgniter.php(410): CodeIgniter\CodeIgniter->runController(Object(App\Controllers\front\Contact_us))
#7 D:\Book-py3\PHP\project\test2\system\CodeIgniter.php(318): CodeIgniter\CodeIgniter->handleRequest(NULL, Object(Config\Cache), false)
#8 D:\Book-py3\PHP\project\test2\public\index.php(37): CodeIgniter\CodeIgniter->run()
#9 D:\Book-py3\PHP\project\test2\system\Commands\Server\rewrite.php(43): require_once('D:\\Book-py3\\PHP...')
#10 {main}
CRITICAL - 2022-02-10 08:02:35 --> Call to undefined function set_value()
#0 D:\Book-py3\PHP\project\test2\app\Views\page.php(92): include()
#1 D:\Book-py3\PHP\project\test2\system\View\View.php(214): include('D:\\Book-py3\\PHP...')
#2 D:\Book-py3\PHP\project\test2\system\View\View.php(217): CodeIgniter\View\View->CodeIgniter\View\{closure}()
#3 D:\Book-py3\PHP\project\test2\system\Common.php(1097): CodeIgniter\View\View->render('page', Array, true)
#4 D:\Book-py3\PHP\project\test2\app\Controllers\front\Page.php(10): view('page')
#5 D:\Book-py3\PHP\project\test2\system\CodeIgniter.php(824): App\Controllers\front\Page->index()
#6 D:\Book-py3\PHP\project\test2\system\CodeIgniter.php(410): CodeIgniter\CodeIgniter->runController(Object(App\Controllers\front\Page))
#7 D:\Book-py3\PHP\project\test2\system\CodeIgniter.php(318): CodeIgniter\CodeIgniter->handleRequest(NULL, Object(Config\Cache), false)
#8 D:\Book-py3\PHP\project\test2\public\index.php(37): CodeIgniter\CodeIgniter->run()
#9 D:\Book-py3\PHP\project\test2\system\Commands\Server\rewrite.php(43): require_once('D:\\Book-py3\\PHP...')
#10 {main}
CRITICAL - 2022-02-10 08:02:39 --> Call to undefined function set_value()
#0 D:\Book-py3\PHP\project\test2\app\Views\carlisting.php(175): include()
#1 D:\Book-py3\PHP\project\test2\system\View\View.php(214): include('D:\\Book-py3\\PHP...')
#2 D:\Book-py3\PHP\project\test2\system\View\View.php(217): CodeIgniter\View\View->CodeIgniter\View\{closure}()
#3 D:\Book-py3\PHP\project\test2\system\Common.php(1097): CodeIgniter\View\View->render('carlisting', Array, true)
#4 D:\Book-py3\PHP\project\test2\app\Controllers\front\Car_listing.php(10): view('carlisting')
#5 D:\Book-py3\PHP\project\test2\system\CodeIgniter.php(824): App\Controllers\front\Car_listing->index()
#6 D:\Book-py3\PHP\project\test2\system\CodeIgniter.php(410): CodeIgniter\CodeIgniter->runController(Object(App\Controllers\front\Car_listing))
#7 D:\Book-py3\PHP\project\test2\system\CodeIgniter.php(318): CodeIgniter\CodeIgniter->handleRequest(NULL, Object(Config\Cache), false)
#8 D:\Book-py3\PHP\project\test2\public\index.php(37): CodeIgniter\CodeIgniter->run()
#9 D:\Book-py3\PHP\project\test2\system\Commands\Server\rewrite.php(43): require_once('D:\\Book-py3\\PHP...')
#10 {main}
CRITICAL - 2022-02-10 08:03:01 --> Undefined variable: userdata
#0 D:\Book-py3\PHP\project\test2\app\Views\includes\header.php(55): CodeIgniter\Debug\Exceptions->errorHandler(8, 'Undefined varia...', 'D:\\Book-py3\\PHP...', 55, Array)
#1 D:\Book-py3\PHP\project\test2\app\Views\page.php(49): include('D:\\Book-py3\\PHP...')
#2 D:\Book-py3\PHP\project\test2\system\View\View.php(214): include('D:\\Book-py3\\PHP...')
#3 D:\Book-py3\PHP\project\test2\system\View\View.php(217): CodeIgniter\View\View->CodeIgniter\View\{closure}()
#4 D:\Book-py3\PHP\project\test2\system\Common.php(1097): CodeIgniter\View\View->render('page', Array, true)
#5 D:\Book-py3\PHP\project\test2\app\Controllers\front\Page.php(10): view('page')
#6 D:\Book-py3\PHP\project\test2\system\CodeIgniter.php(824): App\Controllers\front\Page->index()
#7 D:\Book-py3\PHP\project\test2\system\CodeIgniter.php(410): CodeIgniter\CodeIgniter->runController(Object(App\Controllers\front\Page))
#8 D:\Book-py3\PHP\project\test2\system\CodeIgniter.php(318): CodeIgniter\CodeIgniter->handleRequest(NULL, Object(Config\Cache), false)
#9 D:\Book-py3\PHP\project\test2\public\index.php(37): CodeIgniter\CodeIgniter->run()
#10 D:\Book-py3\PHP\project\test2\system\Commands\Server\rewrite.php(43): require_once('D:\\Book-py3\\PHP...')
#11 {main}
CRITICAL - 2022-02-10 08:03:19 --> Undefined variable: userdata
#0 D:\Book-py3\PHP\project\test2\app\Views\includes\header.php(55): CodeIgniter\Debug\Exceptions->errorHandler(8, 'Undefined varia...', 'D:\\Book-py3\\PHP...', 55, Array)
#1 D:\Book-py3\PHP\project\test2\app\Views\page.php(49): include('D:\\Book-py3\\PHP...')
#2 D:\Book-py3\PHP\project\test2\system\View\View.php(214): include('D:\\Book-py3\\PHP...')
#3 D:\Book-py3\PHP\project\test2\system\View\View.php(217): CodeIgniter\View\View->CodeIgniter\View\{closure}()
#4 D:\Book-py3\PHP\project\test2\system\Common.php(1097): CodeIgniter\View\View->render('page', Array, true)
#5 D:\Book-py3\PHP\project\test2\app\Controllers\front\Page.php(10): view('page')
#6 D:\Book-py3\PHP\project\test2\system\CodeIgniter.php(824): App\Controllers\front\Page->index()
#7 D:\Book-py3\PHP\project\test2\system\CodeIgniter.php(410): CodeIgniter\CodeIgniter->runController(Object(App\Controllers\front\Page))
#8 D:\Book-py3\PHP\project\test2\system\CodeIgniter.php(318): CodeIgniter\CodeIgniter->handleRequest(NULL, Object(Config\Cache), false)
#9 D:\Book-py3\PHP\project\test2\public\index.php(37): CodeIgniter\CodeIgniter->run()
#10 D:\Book-py3\PHP\project\test2\system\Commands\Server\rewrite.php(43): require_once('D:\\Book-py3\\PHP...')
#11 {main}
CRITICAL - 2022-02-10 11:42:04 --> Call to undefined function set_value()
#0 D:\Book-py3\PHP\project\test2\app\Views\page.php(92): include()
#1 D:\Book-py3\PHP\project\test2\system\View\View.php(214): include('D:\\Book-py3\\PHP...')
#2 D:\Book-py3\PHP\project\test2\system\View\View.php(217): CodeIgniter\View\View->CodeIgniter\View\{closure}()
#3 D:\Book-py3\PHP\project\test2\system\Common.php(1097): CodeIgniter\View\View->render('page', Array, true)
#4 D:\Book-py3\PHP\project\test2\app\Controllers\front\Page.php(24): view('page', Array)
#5 D:\Book-py3\PHP\project\test2\system\CodeIgniter.php(824): App\Controllers\front\Page->index()
#6 D:\Book-py3\PHP\project\test2\system\CodeIgniter.php(410): CodeIgniter\CodeIgniter->runController(Object(App\Controllers\front\Page))
#7 D:\Book-py3\PHP\project\test2\system\CodeIgniter.php(318): CodeIgniter\CodeIgniter->handleRequest(NULL, Object(Config\Cache), false)
#8 D:\Book-py3\PHP\project\test2\public\index.php(37): CodeIgniter\CodeIgniter->run()
#9 D:\Book-py3\PHP\project\test2\system\Commands\Server\rewrite.php(43): require_once('D:\\Book-py3\\PHP...')
#10 {main}
CRITICAL - 2022-02-10 11:42:25 --> Call to undefined function set_value()
#0 D:\Book-py3\PHP\project\test2\app\Views\contact_us.php(156): include()
#1 D:\Book-py3\PHP\project\test2\system\View\View.php(214): include('D:\\Book-py3\\PHP...')
#2 D:\Book-py3\PHP\project\test2\system\View\View.php(217): CodeIgniter\View\View->CodeIgniter\View\{closure}()
#3 D:\Book-py3\PHP\project\test2\system\Common.php(1097): CodeIgniter\View\View->render('contact_us', Array, true)
#4 D:\Book-py3\PHP\project\test2\app\Controllers\front\Contact_us.php(24): view('contact_us', Array)
#5 D:\Book-py3\PHP\project\test2\system\CodeIgniter.php(824): App\Controllers\front\Contact_us->index()
#6 D:\Book-py3\PHP\project\test2\system\CodeIgniter.php(410): CodeIgniter\CodeIgniter->runController(Object(App\Controllers\front\Contact_us))
#7 D:\Book-py3\PHP\project\test2\system\CodeIgniter.php(318): CodeIgniter\CodeIgniter->handleRequest(NULL, Object(Config\Cache), false)
#8 D:\Book-py3\PHP\project\test2\public\index.php(37): CodeIgniter\CodeIgniter->run()
#9 D:\Book-py3\PHP\project\test2\system\Commands\Server\rewrite.php(43): require_once('D:\\Book-py3\\PHP...')
#10 {main}
CRITICAL - 2022-02-10 11:42:47 --> session_start(): A session had already been started - ignoring
#0 [internal function]: CodeIgniter\Debug\Exceptions->errorHandler(8, 'session_start()...', 'D:\\Book-py3\\PHP...', 2, Array)
#1 D:\Book-py3\PHP\project\test2\app\Views\carlisting.php(2): session_start()
#2 D:\Book-py3\PHP\project\test2\system\View\View.php(214): include('D:\\Book-py3\\PHP...')
#3 D:\Book-py3\PHP\project\test2\system\View\View.php(217): CodeIgniter\View\View->CodeIgniter\View\{closure}()
#4 D:\Book-py3\PHP\project\test2\system\Common.php(1097): CodeIgniter\View\View->render('carlisting', Array, true)
#5 D:\Book-py3\PHP\project\test2\app\Controllers\front\Car_listing.php(24): view('carlisting', Array)
#6 D:\Book-py3\PHP\project\test2\system\CodeIgniter.php(824): App\Controllers\front\Car_listing->index()
#7 D:\Book-py3\PHP\project\test2\system\CodeIgniter.php(410): CodeIgniter\CodeIgniter->runController(Object(App\Controllers\front\Car_listing))
#8 D:\Book-py3\PHP\project\test2\system\CodeIgniter.php(318): CodeIgniter\CodeIgniter->handleRequest(NULL, Object(Config\Cache), false)
#9 D:\Book-py3\PHP\project\test2\public\index.php(37): CodeIgniter\CodeIgniter->run()
#10 D:\Book-py3\PHP\project\test2\system\Commands\Server\rewrite.php(43): require_once('D:\\Book-py3\\PHP...')
#11 {main}
CRITICAL - 2022-02-10 11:42:52 --> Call to undefined function set_value()
#0 D:\Book-py3\PHP\project\test2\app\Views\page.php(92): include()
#1 D:\Book-py3\PHP\project\test2\system\View\View.php(214): include('D:\\Book-py3\\PHP...')
#2 D:\Book-py3\PHP\project\test2\system\View\View.php(217): CodeIgniter\View\View->CodeIgniter\View\{closure}()
#3 D:\Book-py3\PHP\project\test2\system\Common.php(1097): CodeIgniter\View\View->render('page', Array, true)
#4 D:\Book-py3\PHP\project\test2\app\Controllers\front\Page.php(24): view('page', Array)
#5 D:\Book-py3\PHP\project\test2\system\CodeIgniter.php(824): App\Controllers\front\Page->index()
#6 D:\Book-py3\PHP\project\test2\system\CodeIgniter.php(410): CodeIgniter\CodeIgniter->runController(Object(App\Controllers\front\Page))
#7 D:\Book-py3\PHP\project\test2\system\CodeIgniter.php(318): CodeIgniter\CodeIgniter->handleRequest(NULL, Object(Config\Cache), false)
#8 D:\Book-py3\PHP\project\test2\public\index.php(37): CodeIgniter\CodeIgniter->run()
#9 D:\Book-py3\PHP\project\test2\system\Commands\Server\rewrite.php(43): require_once('D:\\Book-py3\\PHP...')
#10 {main}
CRITICAL - 2022-02-10 11:44:45 --> session_start(): A session had already been started - ignoring
#0 [internal function]: CodeIgniter\Debug\Exceptions->errorHandler(8, 'session_start()...', 'D:\\Book-py3\\PHP...', 2, Array)
#1 D:\Book-py3\PHP\project\test2\app\Views\carlisting.php(2): session_start()
#2 D:\Book-py3\PHP\project\test2\system\View\View.php(214): include('D:\\Book-py3\\PHP...')
#3 D:\Book-py3\PHP\project\test2\system\View\View.php(217): CodeIgniter\View\View->CodeIgniter\View\{closure}()
#4 D:\Book-py3\PHP\project\test2\system\Common.php(1097): CodeIgniter\View\View->render('carlisting', Array, true)
#5 D:\Book-py3\PHP\project\test2\app\Controllers\front\Car_listing.php(28): view('carlisting', Array)
#6 D:\Book-py3\PHP\project\test2\system\CodeIgniter.php(824): App\Controllers\front\Car_listing->index()
#7 D:\Book-py3\PHP\project\test2\system\CodeIgniter.php(410): CodeIgniter\CodeIgniter->runController(Object(App\Controllers\front\Car_listing))
#8 D:\Book-py3\PHP\project\test2\system\CodeIgniter.php(318): CodeIgniter\CodeIgniter->handleRequest(NULL, Object(Config\Cache), false)
#9 D:\Book-py3\PHP\project\test2\public\index.php(37): CodeIgniter\CodeIgniter->run()
#10 D:\Book-py3\PHP\project\test2\system\Commands\Server\rewrite.php(43): require_once('D:\\Book-py3\\PHP...')
#11 {main}
CRITICAL - 2022-02-10 11:47:15 --> Call to undefined function set_value()
#0 D:\Book-py3\PHP\project\test2\app\Views\vehical_details.php(325): include()
#1 D:\Book-py3\PHP\project\test2\system\View\View.php(214): include('D:\\Book-py3\\PHP...')
#2 D:\Book-py3\PHP\project\test2\system\View\View.php(217): CodeIgniter\View\View->CodeIgniter\View\{closure}()
#3 D:\Book-py3\PHP\project\test2\system\Common.php(1097): CodeIgniter\View\View->render('vehical_details', Array, true)
#4 D:\Book-py3\PHP\project\test2\app\Controllers\front\Vedetails.php(24): view('vehical_details', Array)
#5 D:\Book-py3\PHP\project\test2\system\CodeIgniter.php(824): App\Controllers\front\Vedetails->index()
#6 D:\Book-py3\PHP\project\test2\system\CodeIgniter.php(410): CodeIgniter\CodeIgniter->runController(Object(App\Controllers\front\Vedetails))
#7 D:\Book-py3\PHP\project\test2\system\CodeIgniter.php(318): CodeIgniter\CodeIgniter->handleRequest(NULL, Object(Config\Cache), false)
#8 D:\Book-py3\PHP\project\test2\public\index.php(37): CodeIgniter\CodeIgniter->run()
#9 D:\Book-py3\PHP\project\test2\system\Commands\Server\rewrite.php(43): require_once('D:\\Book-py3\\PHP...')
#10 {main}
