CRITICAL - 2022-02-13 10:46:58 --> Undefined property: App\Controllers\Vdetails::$require
#0 D:\Book-py3\PHP\project\test2\app\Controllers\Vdetails.php(38): CodeIgniter\Debug\Exceptions->errorHandler(8, 'Undefined prope...', 'D:\\Book-py3\\PHP...', 38, Array)
#1 D:\Book-py3\PHP\project\test2\system\CodeIgniter.php(824): App\Controllers\Vdetails->savebook()
#2 D:\Book-py3\PHP\project\test2\system\CodeIgniter.php(410): CodeIgniter\CodeIgniter->runController(Object(App\Controllers\Vdetails))
#3 D:\Book-py3\PHP\project\test2\system\CodeIgniter.php(318): CodeIgniter\CodeIgniter->handleRequest(NULL, Object(Config\Cache), false)
#4 D:\Book-py3\PHP\project\test2\public\index.php(37): CodeIgniter\CodeIgniter->run()
#5 D:\Book-py3\PHP\project\test2\system\Commands\Server\rewrite.php(43): require_once('D:\\Book-py3\\PHP...')
#6 {main}
CRITICAL - 2022-02-13 10:47:39 --> Undefined property: App\Controllers\Vdetails::$require
#0 D:\Book-py3\PHP\project\test2\app\Controllers\Vdetails.php(39): CodeIgniter\Debug\Exceptions->errorHandler(8, 'Undefined prope...', 'D:\\Book-py3\\PHP...', 39, Array)
#1 D:\Book-py3\PHP\project\test2\system\CodeIgniter.php(824): App\Controllers\Vdetails->savebook()
#2 D:\Book-py3\PHP\project\test2\system\CodeIgniter.php(410): CodeIgniter\CodeIgniter->runController(Object(App\Controllers\Vdetails))
#3 D:\Book-py3\PHP\project\test2\system\CodeIgniter.php(318): CodeIgniter\CodeIgniter->handleRequest(NULL, Object(Config\Cache), false)
#4 D:\Book-py3\PHP\project\test2\public\index.php(37): CodeIgniter\CodeIgniter->run()
#5 D:\Book-py3\PHP\project\test2\system\Commands\Server\rewrite.php(43): require_once('D:\\Book-py3\\PHP...')
#6 {main}
CRITICAL - 2022-02-13 10:48:10 --> Undefined property: App\Controllers\Vdetails::$require
#0 D:\Book-py3\PHP\project\test2\app\Controllers\Vdetails.php(38): CodeIgniter\Debug\Exceptions->errorHandler(8, 'Undefined prope...', 'D:\\Book-py3\\PHP...', 38, Array)
#1 D:\Book-py3\PHP\project\test2\system\CodeIgniter.php(824): App\Controllers\Vdetails->savebook()
#2 D:\Book-py3\PHP\project\test2\system\CodeIgniter.php(410): CodeIgniter\CodeIgniter->runController(Object(App\Controllers\Vdetails))
#3 D:\Book-py3\PHP\project\test2\system\CodeIgniter.php(318): CodeIgniter\CodeIgniter->handleRequest(NULL, Object(Config\Cache), false)
#4 D:\Book-py3\PHP\project\test2\public\index.php(37): CodeIgniter\CodeIgniter->run()
#5 D:\Book-py3\PHP\project\test2\system\Commands\Server\rewrite.php(43): require_once('D:\\Book-py3\\PHP...')
#6 {main}
CRITICAL - 2022-02-13 10:48:29 --> Undefined property: App\Controllers\Vdetails::$require
#0 D:\Book-py3\PHP\project\test2\app\Controllers\Vdetails.php(39): CodeIgniter\Debug\Exceptions->errorHandler(8, 'Undefined prope...', 'D:\\Book-py3\\PHP...', 39, Array)
#1 D:\Book-py3\PHP\project\test2\system\CodeIgniter.php(824): App\Controllers\Vdetails->savebook()
#2 D:\Book-py3\PHP\project\test2\system\CodeIgniter.php(410): CodeIgniter\CodeIgniter->runController(Object(App\Controllers\Vdetails))
#3 D:\Book-py3\PHP\project\test2\system\CodeIgniter.php(318): CodeIgniter\CodeIgniter->handleRequest(NULL, Object(Config\Cache), false)
#4 D:\Book-py3\PHP\project\test2\public\index.php(37): CodeIgniter\CodeIgniter->run()
#5 D:\Book-py3\PHP\project\test2\system\Commands\Server\rewrite.php(43): require_once('D:\\Book-py3\\PHP...')
#6 {main}
CRITICAL - 2022-02-13 10:50:25 --> Undefined property: App\Controllers\Vdetails::$require
#0 D:\Book-py3\PHP\project\test2\app\Controllers\Vdetails.php(39): CodeIgniter\Debug\Exceptions->errorHandler(8, 'Undefined prope...', 'D:\\Book-py3\\PHP...', 39, Array)
#1 D:\Book-py3\PHP\project\test2\system\CodeIgniter.php(824): App\Controllers\Vdetails->savebook()
#2 D:\Book-py3\PHP\project\test2\system\CodeIgniter.php(410): CodeIgniter\CodeIgniter->runController(Object(App\Controllers\Vdetails))
#3 D:\Book-py3\PHP\project\test2\system\CodeIgniter.php(318): CodeIgniter\CodeIgniter->handleRequest(NULL, Object(Config\Cache), false)
#4 D:\Book-py3\PHP\project\test2\public\index.php(37): CodeIgniter\CodeIgniter->run()
#5 D:\Book-py3\PHP\project\test2\system\Commands\Server\rewrite.php(43): require_once('D:\\Book-py3\\PHP...')
#6 {main}
ERROR - 2022-02-13 11:18:23 --> Unknown column 'tblvehicles.id' in 'field list'
CRITICAL - 2022-02-13 11:18:23 --> Unknown column 'tblvehicles.id' in 'field list'
#0 D:\Book-py3\PHP\project\test2\system\Database\MySQLi\Connection.php(292): mysqli->query('SELECT `tblvehi...', 0)
#1 D:\Book-py3\PHP\project\test2\system\Database\BaseConnection.php(670): CodeIgniter\Database\MySQLi\Connection->execute('SELECT `tblvehi...')
#2 D:\Book-py3\PHP\project\test2\system\Database\BaseConnection.php(598): CodeIgniter\Database\BaseConnection->simpleQuery('SELECT `tblvehi...')
#3 D:\Book-py3\PHP\project\test2\system\Database\BaseBuilder.php(1443): CodeIgniter\Database\BaseConnection->query('SELECT `tblvehi...', Array, false)
#4 D:\Book-py3\PHP\project\test2\app\Models\VehiclesModel.php(107): CodeIgniter\Database\BaseBuilder->get()
#5 D:\Book-py3\PHP\project\test2\app\Controllers\Vdetails.php(27): App\Models\VehiclesModel->similar('9')
#6 D:\Book-py3\PHP\project\test2\system\CodeIgniter.php(824): App\Controllers\Vdetails->index('9')
#7 D:\Book-py3\PHP\project\test2\system\CodeIgniter.php(410): CodeIgniter\CodeIgniter->runController(Object(App\Controllers\Vdetails))
#8 D:\Book-py3\PHP\project\test2\system\CodeIgniter.php(318): CodeIgniter\CodeIgniter->handleRequest(NULL, Object(Config\Cache), false)
#9 D:\Book-py3\PHP\project\test2\public\index.php(37): CodeIgniter\CodeIgniter->run()
#10 D:\Book-py3\PHP\project\test2\system\Commands\Server\rewrite.php(43): require_once('D:\\Book-py3\\PHP...')
#11 {main}
CRITICAL - 2022-02-13 11:39:26 --> Undefined property: stdClass::$BrandName
#0 D:\Book-py3\PHP\project\test2\app\Views\vehicle_details.php(313): CodeIgniter\Debug\Exceptions->errorHandler(8, 'Undefined prope...', 'D:\\Book-py3\\PHP...', 313, Array)
#1 D:\Book-py3\PHP\project\test2\system\View\View.php(214): include('D:\\Book-py3\\PHP...')
#2 D:\Book-py3\PHP\project\test2\system\View\View.php(217): CodeIgniter\View\View->CodeIgniter\View\{closure}()
#3 D:\Book-py3\PHP\project\test2\system\Common.php(1097): CodeIgniter\View\View->render('vehicle_details', Array, true)
#4 D:\Book-py3\PHP\project\test2\app\Controllers\Vdetails.php(35): view('vehicle_details', Array)
#5 D:\Book-py3\PHP\project\test2\system\CodeIgniter.php(824): App\Controllers\Vdetails->index('10')
#6 D:\Book-py3\PHP\project\test2\system\CodeIgniter.php(410): CodeIgniter\CodeIgniter->runController(Object(App\Controllers\Vdetails))
#7 D:\Book-py3\PHP\project\test2\system\CodeIgniter.php(318): CodeIgniter\CodeIgniter->handleRequest(NULL, Object(Config\Cache), false)
#8 D:\Book-py3\PHP\project\test2\public\index.php(37): CodeIgniter\CodeIgniter->run()
#9 D:\Book-py3\PHP\project\test2\system\Commands\Server\rewrite.php(43): require_once('D:\\Book-py3\\PHP...')
#10 {main}
CRITICAL - 2022-02-13 11:46:08 --> Too few arguments to function App\Controllers\Vdetails::index(), 1 passed in D:\Book-py3\PHP\project\test2\system\CodeIgniter.php on line 824 and exactly 2 expected
#0 D:\Book-py3\PHP\project\test2\system\CodeIgniter.php(824): App\Controllers\Vdetails->index('9')
#1 D:\Book-py3\PHP\project\test2\system\CodeIgniter.php(410): CodeIgniter\CodeIgniter->runController(Object(App\Controllers\Vdetails))
#2 D:\Book-py3\PHP\project\test2\system\CodeIgniter.php(318): CodeIgniter\CodeIgniter->handleRequest(NULL, Object(Config\Cache), false)
#3 D:\Book-py3\PHP\project\test2\public\index.php(37): CodeIgniter\CodeIgniter->run()
#4 D:\Book-py3\PHP\project\test2\system\Commands\Server\rewrite.php(43): require_once('D:\\Book-py3\\PHP...')
#5 {main}
CRITICAL - 2022-02-13 11:51:50 --> Undefined variable: row
#0 D:\Book-py3\PHP\project\test2\app\Views\vehicle_details.php(310): CodeIgniter\Debug\Exceptions->errorHandler(8, 'Undefined varia...', 'D:\\Book-py3\\PHP...', 310, Array)
#1 D:\Book-py3\PHP\project\test2\system\View\View.php(214): include('D:\\Book-py3\\PHP...')
#2 D:\Book-py3\PHP\project\test2\system\View\View.php(217): CodeIgniter\View\View->CodeIgniter\View\{closure}()
#3 D:\Book-py3\PHP\project\test2\system\Common.php(1097): CodeIgniter\View\View->render('vehicle_details', Array, true)
#4 D:\Book-py3\PHP\project\test2\app\Controllers\Vdetails.php(35): view('vehicle_details', Array)
#5 D:\Book-py3\PHP\project\test2\system\CodeIgniter.php(824): App\Controllers\Vdetails->index('10')
#6 D:\Book-py3\PHP\project\test2\system\CodeIgniter.php(410): CodeIgniter\CodeIgniter->runController(Object(App\Controllers\Vdetails))
#7 D:\Book-py3\PHP\project\test2\system\CodeIgniter.php(318): CodeIgniter\CodeIgniter->handleRequest(NULL, Object(Config\Cache), false)
#8 D:\Book-py3\PHP\project\test2\public\index.php(37): CodeIgniter\CodeIgniter->run()
#9 D:\Book-py3\PHP\project\test2\system\Commands\Server\rewrite.php(43): require_once('D:\\Book-py3\\PHP...')
#10 {main}
