CRITICAL - 2022-01-19 05:00:24 --> requied is not a valid rule.
#0 D:\Book-py3\PHP\project\test2\system\Validation\Validation.php(285): CodeIgniter\Validation\Exceptions\ValidationException::forRuleNotFound('requied')
#1 D:\Book-py3\PHP\project\test2\system\Validation\Validation.php(151): CodeIgniter\Validation\Validation->processRules('password', 'password', '', Array, Array)
#2 D:\Book-py3\PHP\project\test2\system\Controller.php(160): CodeIgniter\Validation\Validation->run()
#3 D:\Book-py3\PHP\project\test2\app\Controllers\Auth.php(18): CodeIgniter\Controller->validate(Array)
#4 D:\Book-py3\PHP\project\test2\system\CodeIgniter.php(824): App\Controllers\Auth->save()
#5 D:\Book-py3\PHP\project\test2\system\CodeIgniter.php(410): CodeIgniter\CodeIgniter->runController(Object(App\Controllers\Auth))
#6 D:\Book-py3\PHP\project\test2\system\CodeIgniter.php(318): CodeIgniter\CodeIgniter->handleRequest(NULL, Object(Config\Cache), false)
#7 D:\Book-py3\PHP\project\test2\public\index.php(37): CodeIgniter\CodeIgniter->run()
#8 D:\Book-py3\PHP\project\test2\system\Commands\Server\rewrite.php(43): require_once('D:\\Book-py3\\PHP...')
#9 {main}
CRITICAL - 2022-01-19 05:01:16 --> requied is not a valid rule.
#0 D:\Book-py3\PHP\project\test2\system\Validation\Validation.php(285): CodeIgniter\Validation\Exceptions\ValidationException::forRuleNotFound('requied')
#1 D:\Book-py3\PHP\project\test2\system\Validation\Validation.php(151): CodeIgniter\Validation\Validation->processRules('password', 'password', '', Array, Array)
#2 D:\Book-py3\PHP\project\test2\system\Controller.php(160): CodeIgniter\Validation\Validation->run()
#3 D:\Book-py3\PHP\project\test2\app\Controllers\Auth.php(18): CodeIgniter\Controller->validate(Array)
#4 D:\Book-py3\PHP\project\test2\system\CodeIgniter.php(824): App\Controllers\Auth->save()
#5 D:\Book-py3\PHP\project\test2\system\CodeIgniter.php(410): CodeIgniter\CodeIgniter->runController(Object(App\Controllers\Auth))
#6 D:\Book-py3\PHP\project\test2\system\CodeIgniter.php(318): CodeIgniter\CodeIgniter->handleRequest(NULL, Object(Config\Cache), false)
#7 D:\Book-py3\PHP\project\test2\public\index.php(37): CodeIgniter\CodeIgniter->run()
#8 D:\Book-py3\PHP\project\test2\system\Commands\Server\rewrite.php(43): require_once('D:\\Book-py3\\PHP...')
#9 {main}
CRITICAL - 2022-01-19 10:11:22 --> Undefined index: username
#0 D:\Book-py3\PHP\project\test2\app\Views\dashboard\profile.php(25): CodeIgniter\Debug\Exceptions->errorHandler(8, 'Undefined index...', 'D:\\Book-py3\\PHP...', 25, Array)
#1 D:\Book-py3\PHP\project\test2\system\View\View.php(214): include('D:\\Book-py3\\PHP...')
#2 D:\Book-py3\PHP\project\test2\system\View\View.php(217): CodeIgniter\View\View->CodeIgniter\View\{closure}()
#3 D:\Book-py3\PHP\project\test2\system\Common.php(1097): CodeIgniter\View\View->render('dashboard/profi...', Array, true)
#4 D:\Book-py3\PHP\project\test2\app\Controllers\Dashboard.php(28): view('dashboard/profi...', Array)
#5 D:\Book-py3\PHP\project\test2\system\CodeIgniter.php(824): App\Controllers\Dashboard->profile()
#6 D:\Book-py3\PHP\project\test2\system\CodeIgniter.php(410): CodeIgniter\CodeIgniter->runController(Object(App\Controllers\Dashboard))
#7 D:\Book-py3\PHP\project\test2\system\CodeIgniter.php(318): CodeIgniter\CodeIgniter->handleRequest(NULL, Object(Config\Cache), false)
#8 D:\Book-py3\PHP\project\test2\public\index.php(37): CodeIgniter\CodeIgniter->run()
#9 D:\Book-py3\PHP\project\test2\system\Commands\Server\rewrite.php(43): require_once('D:\\Book-py3\\PHP...')
#10 {main}
