ERROR - 2022-03-02 09:01:49 --> Error connecting to the database: MySQL server has gone away
CRITICAL - 2022-03-02 09:01:49 --> Unable to connect to the database.
Main connection [MySQLi]: MySQL server has gone away
#0 D:\Book-py3\PHP\project\test2\system\Database\BaseConnection.php(577): CodeIgniter\Database\BaseConnection->initialize()
#1 D:\Book-py3\PHP\project\test2\system\Database\BaseBuilder.php(1443): CodeIgniter\Database\BaseConnection->query('SELECT `tblvehi...', Array, false)
#2 D:\Book-py3\PHP\project\test2\app\Models\VehiclesModel.php(77): CodeIgniter\Database\BaseBuilder->get()
#3 D:\Book-py3\PHP\project\test2\app\Controllers\front\Home.php(26): App\Models\VehiclesModel->showhome()
#4 D:\Book-py3\PHP\project\test2\system\CodeIgniter.php(824): App\Controllers\front\Home->index()
#5 D:\Book-py3\PHP\project\test2\system\CodeIgniter.php(410): CodeIgniter\CodeIgniter->runController(Object(App\Controllers\front\Home))
#6 D:\Book-py3\PHP\project\test2\system\CodeIgniter.php(318): CodeIgniter\CodeIgniter->handleRequest(NULL, Object(Config\Cache), false)
#7 D:\Book-py3\PHP\project\test2\public\index.php(37): CodeIgniter\CodeIgniter->run()
#8 D:\Book-py3\PHP\project\test2\system\Commands\Server\rewrite.php(43): require_once('D:\\Book-py3\\PHP...')
#9 {main}
ERROR - 2022-03-02 09:03:21 --> Error connecting to the database: Access denied for user '****'@'localhost' (using password: NO)
CRITICAL - 2022-03-02 09:03:21 --> Unable to connect to the database.
Main connection [MySQLi]: Access denied for user '****'@'localhost' (using password: NO)
#0 D:\Book-py3\PHP\project\test2\system\Database\BaseConnection.php(577): CodeIgniter\Database\BaseConnection->initialize()
#1 D:\Book-py3\PHP\project\test2\system\Database\BaseBuilder.php(1443): CodeIgniter\Database\BaseConnection->query('SELECT `tblvehi...', Array, false)
#2 D:\Book-py3\PHP\project\test2\app\Models\VehiclesModel.php(77): CodeIgniter\Database\BaseBuilder->get()
#3 D:\Book-py3\PHP\project\test2\app\Controllers\front\Home.php(26): App\Models\VehiclesModel->showhome()
#4 D:\Book-py3\PHP\project\test2\system\CodeIgniter.php(824): App\Controllers\front\Home->index()
#5 D:\Book-py3\PHP\project\test2\system\CodeIgniter.php(410): CodeIgniter\CodeIgniter->runController(Object(App\Controllers\front\Home))
#6 D:\Book-py3\PHP\project\test2\system\CodeIgniter.php(318): CodeIgniter\CodeIgniter->handleRequest(NULL, Object(Config\Cache), false)
#7 D:\Book-py3\PHP\project\test2\public\index.php(37): CodeIgniter\CodeIgniter->run()
#8 D:\Book-py3\PHP\project\test2\system\Commands\Server\rewrite.php(43): require_once('D:\\Book-py3\\PHP...')
#9 {main}
CRITICAL - 2022-03-02 09:41:29 --> Trying to get property 'Vimage1' of non-object
#0 D:\Book-py3\PHP\project\test2\app\Views\carlisting.php(86): CodeIgniter\Debug\Exceptions->errorHandler(8, 'Trying to get p...', 'D:\\Book-py3\\PHP...', 86, Array)
#1 D:\Book-py3\PHP\project\test2\system\View\View.php(214): include('D:\\Book-py3\\PHP...')
#2 D:\Book-py3\PHP\project\test2\system\View\View.php(217): CodeIgniter\View\View->CodeIgniter\View\{closure}()
#3 D:\Book-py3\PHP\project\test2\system\Common.php(1097): CodeIgniter\View\View->render('carlisting', Array, true)
#4 D:\Book-py3\PHP\project\test2\app\Controllers\front\Car_listing.php(43): view('carlisting', Array)
#5 D:\Book-py3\PHP\project\test2\system\CodeIgniter.php(824): App\Controllers\front\Car_listing->index()
#6 D:\Book-py3\PHP\project\test2\system\CodeIgniter.php(410): CodeIgniter\CodeIgniter->runController(Object(App\Controllers\front\Car_listing))
#7 D:\Book-py3\PHP\project\test2\system\CodeIgniter.php(318): CodeIgniter\CodeIgniter->handleRequest(NULL, Object(Config\Cache), false)
#8 D:\Book-py3\PHP\project\test2\public\index.php(37): CodeIgniter\CodeIgniter->run()
#9 D:\Book-py3\PHP\project\test2\system\Commands\Server\rewrite.php(43): require_once('D:\\Book-py3\\PHP...')
#10 {main}
CRITICAL - 2022-03-02 09:42:51 --> Undefined index: Brands
#0 D:\Book-py3\PHP\project\test2\app\Views\carlisting.php(89): CodeIgniter\Debug\Exceptions->errorHandler(8, 'Undefined index...', 'D:\\Book-py3\\PHP...', 89, Array)
#1 D:\Book-py3\PHP\project\test2\system\View\View.php(214): include('D:\\Book-py3\\PHP...')
#2 D:\Book-py3\PHP\project\test2\system\View\View.php(217): CodeIgniter\View\View->CodeIgniter\View\{closure}()
#3 D:\Book-py3\PHP\project\test2\system\Common.php(1097): CodeIgniter\View\View->render('carlisting', Array, true)
#4 D:\Book-py3\PHP\project\test2\app\Controllers\front\Car_listing.php(43): view('carlisting', Array)
#5 D:\Book-py3\PHP\project\test2\system\CodeIgniter.php(824): App\Controllers\front\Car_listing->index()
#6 D:\Book-py3\PHP\project\test2\system\CodeIgniter.php(410): CodeIgniter\CodeIgniter->runController(Object(App\Controllers\front\Car_listing))
#7 D:\Book-py3\PHP\project\test2\system\CodeIgniter.php(318): CodeIgniter\CodeIgniter->handleRequest(NULL, Object(Config\Cache), false)
#8 D:\Book-py3\PHP\project\test2\public\index.php(37): CodeIgniter\CodeIgniter->run()
#9 D:\Book-py3\PHP\project\test2\system\Commands\Server\rewrite.php(43): require_once('D:\\Book-py3\\PHP...')
#10 {main}
CRITICAL - 2022-03-02 09:44:56 --> Undefined index: bid
#0 D:\Book-py3\PHP\project\test2\app\Views\carlisting.php(89): CodeIgniter\Debug\Exceptions->errorHandler(8, 'Undefined index...', 'D:\\Book-py3\\PHP...', 89, Array)
#1 D:\Book-py3\PHP\project\test2\system\View\View.php(214): include('D:\\Book-py3\\PHP...')
#2 D:\Book-py3\PHP\project\test2\system\View\View.php(217): CodeIgniter\View\View->CodeIgniter\View\{closure}()
#3 D:\Book-py3\PHP\project\test2\system\Common.php(1097): CodeIgniter\View\View->render('carlisting', Array, true)
#4 D:\Book-py3\PHP\project\test2\app\Controllers\front\Car_listing.php(43): view('carlisting', Array)
#5 D:\Book-py3\PHP\project\test2\system\CodeIgniter.php(824): App\Controllers\front\Car_listing->index()
#6 D:\Book-py3\PHP\project\test2\system\CodeIgniter.php(410): CodeIgniter\CodeIgniter->runController(Object(App\Controllers\front\Car_listing))
#7 D:\Book-py3\PHP\project\test2\system\CodeIgniter.php(318): CodeIgniter\CodeIgniter->handleRequest(NULL, Object(Config\Cache), false)
#8 D:\Book-py3\PHP\project\test2\public\index.php(37): CodeIgniter\CodeIgniter->run()
#9 D:\Book-py3\PHP\project\test2\system\Commands\Server\rewrite.php(43): require_once('D:\\Book-py3\\PHP...')
#10 {main}
CRITICAL - 2022-03-02 09:45:37 --> Undefined index: Brands
#0 D:\Book-py3\PHP\project\test2\app\Views\carlisting.php(96): CodeIgniter\Debug\Exceptions->errorHandler(8, 'Undefined index...', 'D:\\Book-py3\\PHP...', 96, Array)
#1 D:\Book-py3\PHP\project\test2\system\View\View.php(214): include('D:\\Book-py3\\PHP...')
#2 D:\Book-py3\PHP\project\test2\system\View\View.php(217): CodeIgniter\View\View->CodeIgniter\View\{closure}()
#3 D:\Book-py3\PHP\project\test2\system\Common.php(1097): CodeIgniter\View\View->render('carlisting', Array, true)
#4 D:\Book-py3\PHP\project\test2\app\Controllers\front\Car_listing.php(43): view('carlisting', Array)
#5 D:\Book-py3\PHP\project\test2\system\CodeIgniter.php(824): App\Controllers\front\Car_listing->index()
#6 D:\Book-py3\PHP\project\test2\system\CodeIgniter.php(410): CodeIgniter\CodeIgniter->runController(Object(App\Controllers\front\Car_listing))
#7 D:\Book-py3\PHP\project\test2\system\CodeIgniter.php(318): CodeIgniter\CodeIgniter->handleRequest(NULL, Object(Config\Cache), false)
#8 D:\Book-py3\PHP\project\test2\public\index.php(37): CodeIgniter\CodeIgniter->run()
#9 D:\Book-py3\PHP\project\test2\system\Commands\Server\rewrite.php(43): require_once('D:\\Book-py3\\PHP...')
#10 {main}
CRITICAL - 2022-03-02 09:45:43 --> Undefined index: Brands
#0 D:\Book-py3\PHP\project\test2\app\Views\carlisting.php(96): CodeIgniter\Debug\Exceptions->errorHandler(8, 'Undefined index...', 'D:\\Book-py3\\PHP...', 96, Array)
#1 D:\Book-py3\PHP\project\test2\system\View\View.php(214): include('D:\\Book-py3\\PHP...')
#2 D:\Book-py3\PHP\project\test2\system\View\View.php(217): CodeIgniter\View\View->CodeIgniter\View\{closure}()
#3 D:\Book-py3\PHP\project\test2\system\Common.php(1097): CodeIgniter\View\View->render('carlisting', Array, true)
#4 D:\Book-py3\PHP\project\test2\app\Controllers\front\Car_listing.php(43): view('carlisting', Array)
#5 D:\Book-py3\PHP\project\test2\system\CodeIgniter.php(824): App\Controllers\front\Car_listing->index()
#6 D:\Book-py3\PHP\project\test2\system\CodeIgniter.php(410): CodeIgniter\CodeIgniter->runController(Object(App\Controllers\front\Car_listing))
#7 D:\Book-py3\PHP\project\test2\system\CodeIgniter.php(318): CodeIgniter\CodeIgniter->handleRequest(NULL, Object(Config\Cache), false)
#8 D:\Book-py3\PHP\project\test2\public\index.php(37): CodeIgniter\CodeIgniter->run()
#9 D:\Book-py3\PHP\project\test2\system\Commands\Server\rewrite.php(43): require_once('D:\\Book-py3\\PHP...')
#10 {main}
CRITICAL - 2022-03-02 09:55:48 --> Trying to get property 'VehiclesTitle' of non-object
#0 D:\Book-py3\PHP\project\test2\app\Views\carlisting.php(90): CodeIgniter\Debug\Exceptions->errorHandler(8, 'Trying to get p...', 'D:\\Book-py3\\PHP...', 90, Array)
#1 D:\Book-py3\PHP\project\test2\system\View\View.php(214): include('D:\\Book-py3\\PHP...')
#2 D:\Book-py3\PHP\project\test2\system\View\View.php(217): CodeIgniter\View\View->CodeIgniter\View\{closure}()
#3 D:\Book-py3\PHP\project\test2\system\Common.php(1097): CodeIgniter\View\View->render('carlisting', Array, true)
#4 D:\Book-py3\PHP\project\test2\app\Controllers\front\Car_listing.php(45): view('carlisting', Array)
#5 D:\Book-py3\PHP\project\test2\system\CodeIgniter.php(824): App\Controllers\front\Car_listing->index()
#6 D:\Book-py3\PHP\project\test2\system\CodeIgniter.php(410): CodeIgniter\CodeIgniter->runController(Object(App\Controllers\front\Car_listing))
#7 D:\Book-py3\PHP\project\test2\system\CodeIgniter.php(318): CodeIgniter\CodeIgniter->handleRequest(NULL, Object(Config\Cache), false)
#8 D:\Book-py3\PHP\project\test2\public\index.php(37): CodeIgniter\CodeIgniter->run()
#9 D:\Book-py3\PHP\project\test2\system\Commands\Server\rewrite.php(43): require_once('D:\\Book-py3\\PHP...')
#10 {main}
CRITICAL - 2022-03-02 09:57:04 --> Trying to get property 'PricePerDay' of non-object
#0 D:\Book-py3\PHP\project\test2\app\Views\carlisting.php(91): CodeIgniter\Debug\Exceptions->errorHandler(8, 'Trying to get p...', 'D:\\Book-py3\\PHP...', 91, Array)
#1 D:\Book-py3\PHP\project\test2\system\View\View.php(214): include('D:\\Book-py3\\PHP...')
#2 D:\Book-py3\PHP\project\test2\system\View\View.php(217): CodeIgniter\View\View->CodeIgniter\View\{closure}()
#3 D:\Book-py3\PHP\project\test2\system\Common.php(1097): CodeIgniter\View\View->render('carlisting', Array, true)
#4 D:\Book-py3\PHP\project\test2\app\Controllers\front\Car_listing.php(45): view('carlisting', Array)
#5 D:\Book-py3\PHP\project\test2\system\CodeIgniter.php(824): App\Controllers\front\Car_listing->index()
#6 D:\Book-py3\PHP\project\test2\system\CodeIgniter.php(410): CodeIgniter\CodeIgniter->runController(Object(App\Controllers\front\Car_listing))
#7 D:\Book-py3\PHP\project\test2\system\CodeIgniter.php(318): CodeIgniter\CodeIgniter->handleRequest(NULL, Object(Config\Cache), false)
#8 D:\Book-py3\PHP\project\test2\public\index.php(37): CodeIgniter\CodeIgniter->run()
#9 D:\Book-py3\PHP\project\test2\system\Commands\Server\rewrite.php(43): require_once('D:\\Book-py3\\PHP...')
#10 {main}
CRITICAL - 2022-03-02 10:15:23 --> Carlist_paggination is not a valid Pager template.
#0 D:\Book-py3\PHP\project\test2\system\Pager\Pager.php(120): CodeIgniter\Pager\Exceptions\PagerException::forInvalidTemplate('Carlist_paggina...')
#1 D:\Book-py3\PHP\project\test2\system\Pager\Pager.php(83): CodeIgniter\Pager\Pager->displayLinks('tblvehicles', 'Carlist_paggina...')
#2 D:\Book-py3\PHP\project\test2\app\Views\carlisting.php(102): CodeIgniter\Pager\Pager->links('tblvehicles', 'Carlist_paggina...')
#3 D:\Book-py3\PHP\project\test2\system\View\View.php(214): include('D:\\Book-py3\\PHP...')
#4 D:\Book-py3\PHP\project\test2\system\View\View.php(217): CodeIgniter\View\View->CodeIgniter\View\{closure}()
#5 D:\Book-py3\PHP\project\test2\system\Common.php(1097): CodeIgniter\View\View->render('carlisting', Array, true)
#6 D:\Book-py3\PHP\project\test2\app\Controllers\front\Car_listing.php(45): view('carlisting', Array)
#7 D:\Book-py3\PHP\project\test2\system\CodeIgniter.php(824): App\Controllers\front\Car_listing->index()
#8 D:\Book-py3\PHP\project\test2\system\CodeIgniter.php(410): CodeIgniter\CodeIgniter->runController(Object(App\Controllers\front\Car_listing))
#9 D:\Book-py3\PHP\project\test2\system\CodeIgniter.php(318): CodeIgniter\CodeIgniter->handleRequest(NULL, Object(Config\Cache), false)
#10 D:\Book-py3\PHP\project\test2\public\index.php(37): CodeIgniter\CodeIgniter->run()
#11 D:\Book-py3\PHP\project\test2\system\Commands\Server\rewrite.php(43): require_once('D:\\Book-py3\\PHP...')
#12 {main}
CRITICAL - 2022-03-02 10:18:20 --> Carlist_paggination is not a valid Pager template.
#0 D:\Book-py3\PHP\project\test2\system\Pager\Pager.php(120): CodeIgniter\Pager\Exceptions\PagerException::forInvalidTemplate('Carlist_paggina...')
#1 D:\Book-py3\PHP\project\test2\system\Pager\Pager.php(83): CodeIgniter\Pager\Pager->displayLinks('Carlisting', 'Carlist_paggina...')
#2 D:\Book-py3\PHP\project\test2\app\Views\carlisting.php(102): CodeIgniter\Pager\Pager->links('Carlisting', 'Carlist_paggina...')
#3 D:\Book-py3\PHP\project\test2\system\View\View.php(214): include('D:\\Book-py3\\PHP...')
#4 D:\Book-py3\PHP\project\test2\system\View\View.php(217): CodeIgniter\View\View->CodeIgniter\View\{closure}()
#5 D:\Book-py3\PHP\project\test2\system\Common.php(1097): CodeIgniter\View\View->render('carlisting', Array, true)
#6 D:\Book-py3\PHP\project\test2\app\Controllers\front\Car_listing.php(45): view('carlisting', Array)
#7 D:\Book-py3\PHP\project\test2\system\CodeIgniter.php(824): App\Controllers\front\Car_listing->index()
#8 D:\Book-py3\PHP\project\test2\system\CodeIgniter.php(410): CodeIgniter\CodeIgniter->runController(Object(App\Controllers\front\Car_listing))
#9 D:\Book-py3\PHP\project\test2\system\CodeIgniter.php(318): CodeIgniter\CodeIgniter->handleRequest(NULL, Object(Config\Cache), false)
#10 D:\Book-py3\PHP\project\test2\public\index.php(37): CodeIgniter\CodeIgniter->run()
#11 D:\Book-py3\PHP\project\test2\system\Commands\Server\rewrite.php(43): require_once('D:\\Book-py3\\PHP...')
#12 {main}
CRITICAL - 2022-03-02 10:18:21 --> Carlist_paggination is not a valid Pager template.
#0 D:\Book-py3\PHP\project\test2\system\Pager\Pager.php(120): CodeIgniter\Pager\Exceptions\PagerException::forInvalidTemplate('Carlist_paggina...')
#1 D:\Book-py3\PHP\project\test2\system\Pager\Pager.php(83): CodeIgniter\Pager\Pager->displayLinks('Carlisting', 'Carlist_paggina...')
#2 D:\Book-py3\PHP\project\test2\app\Views\carlisting.php(102): CodeIgniter\Pager\Pager->links('Carlisting', 'Carlist_paggina...')
#3 D:\Book-py3\PHP\project\test2\system\View\View.php(214): include('D:\\Book-py3\\PHP...')
#4 D:\Book-py3\PHP\project\test2\system\View\View.php(217): CodeIgniter\View\View->CodeIgniter\View\{closure}()
#5 D:\Book-py3\PHP\project\test2\system\Common.php(1097): CodeIgniter\View\View->render('carlisting', Array, true)
#6 D:\Book-py3\PHP\project\test2\app\Controllers\front\Car_listing.php(45): view('carlisting', Array)
#7 D:\Book-py3\PHP\project\test2\system\CodeIgniter.php(824): App\Controllers\front\Car_listing->index()
#8 D:\Book-py3\PHP\project\test2\system\CodeIgniter.php(410): CodeIgniter\CodeIgniter->runController(Object(App\Controllers\front\Car_listing))
#9 D:\Book-py3\PHP\project\test2\system\CodeIgniter.php(318): CodeIgniter\CodeIgniter->handleRequest(NULL, Object(Config\Cache), false)
#10 D:\Book-py3\PHP\project\test2\public\index.php(37): CodeIgniter\CodeIgniter->run()
#11 D:\Book-py3\PHP\project\test2\system\Commands\Server\rewrite.php(43): require_once('D:\\Book-py3\\PHP...')
#12 {main}
CRITICAL - 2022-03-02 10:18:25 --> Carlist_paggination is not a valid Pager template.
#0 D:\Book-py3\PHP\project\test2\system\Pager\Pager.php(120): CodeIgniter\Pager\Exceptions\PagerException::forInvalidTemplate('Carlist_paggina...')
#1 D:\Book-py3\PHP\project\test2\system\Pager\Pager.php(83): CodeIgniter\Pager\Pager->displayLinks('Carlisting', 'Carlist_paggina...')
#2 D:\Book-py3\PHP\project\test2\app\Views\carlisting.php(102): CodeIgniter\Pager\Pager->links('Carlisting', 'Carlist_paggina...')
#3 D:\Book-py3\PHP\project\test2\system\View\View.php(214): include('D:\\Book-py3\\PHP...')
#4 D:\Book-py3\PHP\project\test2\system\View\View.php(217): CodeIgniter\View\View->CodeIgniter\View\{closure}()
#5 D:\Book-py3\PHP\project\test2\system\Common.php(1097): CodeIgniter\View\View->render('carlisting', Array, true)
#6 D:\Book-py3\PHP\project\test2\app\Controllers\front\Car_listing.php(45): view('carlisting', Array)
#7 D:\Book-py3\PHP\project\test2\system\CodeIgniter.php(824): App\Controllers\front\Car_listing->index()
#8 D:\Book-py3\PHP\project\test2\system\CodeIgniter.php(410): CodeIgniter\CodeIgniter->runController(Object(App\Controllers\front\Car_listing))
#9 D:\Book-py3\PHP\project\test2\system\CodeIgniter.php(318): CodeIgniter\CodeIgniter->handleRequest(NULL, Object(Config\Cache), false)
#10 D:\Book-py3\PHP\project\test2\public\index.php(37): CodeIgniter\CodeIgniter->run()
#11 D:\Book-py3\PHP\project\test2\system\Commands\Server\rewrite.php(43): require_once('D:\\Book-py3\\PHP...')
#12 {main}
CRITICAL - 2022-03-02 10:50:59 --> Undefined index: Vimage1
#0 D:\Book-py3\PHP\project\test2\app\Views\carlisting.php(87): CodeIgniter\Debug\Exceptions->errorHandler(8, 'Undefined index...', 'D:\\Book-py3\\PHP...', 87, Array)
#1 D:\Book-py3\PHP\project\test2\system\View\View.php(214): include('D:\\Book-py3\\PHP...')
#2 D:\Book-py3\PHP\project\test2\system\View\View.php(217): CodeIgniter\View\View->CodeIgniter\View\{closure}()
#3 D:\Book-py3\PHP\project\test2\system\Common.php(1097): CodeIgniter\View\View->render('carlisting', Array, true)
#4 D:\Book-py3\PHP\project\test2\app\Controllers\front\Car_listing.php(45): view('carlisting', Array)
#5 D:\Book-py3\PHP\project\test2\system\CodeIgniter.php(824): App\Controllers\front\Car_listing->index()
#6 D:\Book-py3\PHP\project\test2\system\CodeIgniter.php(410): CodeIgniter\CodeIgniter->runController(Object(App\Controllers\front\Car_listing))
#7 D:\Book-py3\PHP\project\test2\system\CodeIgniter.php(318): CodeIgniter\CodeIgniter->handleRequest(NULL, Object(Config\Cache), false)
#8 D:\Book-py3\PHP\project\test2\public\index.php(37): CodeIgniter\CodeIgniter->run()
#9 D:\Book-py3\PHP\project\test2\system\Commands\Server\rewrite.php(43): require_once('D:\\Book-py3\\PHP...')
#10 {main}
CRITICAL - 2022-03-02 11:11:04 --> Undefined index: pager
#0 D:\Book-py3\PHP\project\test2\app\Controllers\front\Car_listing.php(45): CodeIgniter\Debug\Exceptions->errorHandler(8, 'Undefined index...', 'D:\\Book-py3\\PHP...', 45, Array)
#1 D:\Book-py3\PHP\project\test2\system\CodeIgniter.php(824): App\Controllers\front\Car_listing->index()
#2 D:\Book-py3\PHP\project\test2\system\CodeIgniter.php(410): CodeIgniter\CodeIgniter->runController(Object(App\Controllers\front\Car_listing))
#3 D:\Book-py3\PHP\project\test2\system\CodeIgniter.php(318): CodeIgniter\CodeIgniter->handleRequest(NULL, Object(Config\Cache), false)
#4 D:\Book-py3\PHP\project\test2\public\index.php(37): CodeIgniter\CodeIgniter->run()
#5 D:\Book-py3\PHP\project\test2\system\Commands\Server\rewrite.php(43): require_once('D:\\Book-py3\\PHP...')
#6 {main}
CRITICAL - 2022-03-02 11:11:30 --> Undefined index: pager
#0 D:\Book-py3\PHP\project\test2\app\Controllers\front\Car_listing.php(45): CodeIgniter\Debug\Exceptions->errorHandler(8, 'Undefined index...', 'D:\\Book-py3\\PHP...', 45, Array)
#1 D:\Book-py3\PHP\project\test2\system\CodeIgniter.php(824): App\Controllers\front\Car_listing->index()
#2 D:\Book-py3\PHP\project\test2\system\CodeIgniter.php(410): CodeIgniter\CodeIgniter->runController(Object(App\Controllers\front\Car_listing))
#3 D:\Book-py3\PHP\project\test2\system\CodeIgniter.php(318): CodeIgniter\CodeIgniter->handleRequest(NULL, Object(Config\Cache), false)
#4 D:\Book-py3\PHP\project\test2\public\index.php(37): CodeIgniter\CodeIgniter->run()
#5 D:\Book-py3\PHP\project\test2\system\Commands\Server\rewrite.php(43): require_once('D:\\Book-py3\\PHP...')
#6 {main}
CRITICAL - 2022-03-02 11:11:31 --> Undefined index: pager
#0 D:\Book-py3\PHP\project\test2\app\Controllers\front\Car_listing.php(45): CodeIgniter\Debug\Exceptions->errorHandler(8, 'Undefined index...', 'D:\\Book-py3\\PHP...', 45, Array)
#1 D:\Book-py3\PHP\project\test2\system\CodeIgniter.php(824): App\Controllers\front\Car_listing->index()
#2 D:\Book-py3\PHP\project\test2\system\CodeIgniter.php(410): CodeIgniter\CodeIgniter->runController(Object(App\Controllers\front\Car_listing))
#3 D:\Book-py3\PHP\project\test2\system\CodeIgniter.php(318): CodeIgniter\CodeIgniter->handleRequest(NULL, Object(Config\Cache), false)
#4 D:\Book-py3\PHP\project\test2\public\index.php(37): CodeIgniter\CodeIgniter->run()
#5 D:\Book-py3\PHP\project\test2\system\Commands\Server\rewrite.php(43): require_once('D:\\Book-py3\\PHP...')
#6 {main}
CRITICAL - 2022-03-02 11:11:50 --> Call to a member function links() on string
#0 D:\Book-py3\PHP\project\test2\system\View\View.php(214): include()
#1 D:\Book-py3\PHP\project\test2\system\View\View.php(217): CodeIgniter\View\View->CodeIgniter\View\{closure}()
#2 D:\Book-py3\PHP\project\test2\system\Common.php(1097): CodeIgniter\View\View->render('carlisting', Array, true)
#3 D:\Book-py3\PHP\project\test2\app\Controllers\front\Car_listing.php(46): view('carlisting', Array)
#4 D:\Book-py3\PHP\project\test2\system\CodeIgniter.php(824): App\Controllers\front\Car_listing->index()
#5 D:\Book-py3\PHP\project\test2\system\CodeIgniter.php(410): CodeIgniter\CodeIgniter->runController(Object(App\Controllers\front\Car_listing))
#6 D:\Book-py3\PHP\project\test2\system\CodeIgniter.php(318): CodeIgniter\CodeIgniter->handleRequest(NULL, Object(Config\Cache), false)
#7 D:\Book-py3\PHP\project\test2\public\index.php(37): CodeIgniter\CodeIgniter->run()
#8 D:\Book-py3\PHP\project\test2\system\Commands\Server\rewrite.php(43): require_once('D:\\Book-py3\\PHP...')
#9 {main}
CRITICAL - 2022-03-02 11:24:49 --> Object of class CodeIgniter\Pager\Pager could not be converted to string
#0 D:\Book-py3\PHP\project\test2\system\CodeIgniter.php(824): App\Controllers\front\Car_listing->index()
#1 D:\Book-py3\PHP\project\test2\system\CodeIgniter.php(410): CodeIgniter\CodeIgniter->runController(Object(App\Controllers\front\Car_listing))
#2 D:\Book-py3\PHP\project\test2\system\CodeIgniter.php(318): CodeIgniter\CodeIgniter->handleRequest(NULL, Object(Config\Cache), false)
#3 D:\Book-py3\PHP\project\test2\public\index.php(37): CodeIgniter\CodeIgniter->run()
#4 D:\Book-py3\PHP\project\test2\system\Commands\Server\rewrite.php(43): require_once('D:\\Book-py3\\PHP...')
#5 {main}
CRITICAL - 2022-03-02 11:30:04 --> Undefined index: Brands
#0 D:\Book-py3\PHP\project\test2\app\Views\carlisting.php(90): CodeIgniter\Debug\Exceptions->errorHandler(8, 'Undefined index...', 'D:\\Book-py3\\PHP...', 90, Array)
#1 D:\Book-py3\PHP\project\test2\system\View\View.php(214): include('D:\\Book-py3\\PHP...')
#2 D:\Book-py3\PHP\project\test2\system\View\View.php(217): CodeIgniter\View\View->CodeIgniter\View\{closure}()
#3 D:\Book-py3\PHP\project\test2\system\Common.php(1097): CodeIgniter\View\View->render('carlisting', Array, true)
#4 D:\Book-py3\PHP\project\test2\app\Controllers\front\Car_listing.php(48): view('carlisting', Array)
#5 D:\Book-py3\PHP\project\test2\system\CodeIgniter.php(824): App\Controllers\front\Car_listing->index()
#6 D:\Book-py3\PHP\project\test2\system\CodeIgniter.php(410): CodeIgniter\CodeIgniter->runController(Object(App\Controllers\front\Car_listing))
#7 D:\Book-py3\PHP\project\test2\system\CodeIgniter.php(318): CodeIgniter\CodeIgniter->handleRequest(NULL, Object(Config\Cache), false)
#8 D:\Book-py3\PHP\project\test2\public\index.php(37): CodeIgniter\CodeIgniter->run()
#9 D:\Book-py3\PHP\project\test2\system\Commands\Server\rewrite.php(43): require_once('D:\\Book-py3\\PHP...')
#10 {main}
CRITICAL - 2022-03-02 11:35:44 --> Call to undefined method CodeIgniter\Pager\Pager::getPrevious()
#0 D:\Book-py3\PHP\project\test2\system\View\View.php(214): include()
#1 D:\Book-py3\PHP\project\test2\system\View\View.php(217): CodeIgniter\View\View->CodeIgniter\View\{closure}()
#2 D:\Book-py3\PHP\project\test2\system\Common.php(1097): CodeIgniter\View\View->render('carlisting', Array, true)
#3 D:\Book-py3\PHP\project\test2\app\Controllers\front\Car_listing.php(48): view('carlisting', Array)
#4 D:\Book-py3\PHP\project\test2\system\CodeIgniter.php(824): App\Controllers\front\Car_listing->index()
#5 D:\Book-py3\PHP\project\test2\system\CodeIgniter.php(410): CodeIgniter\CodeIgniter->runController(Object(App\Controllers\front\Car_listing))
#6 D:\Book-py3\PHP\project\test2\system\CodeIgniter.php(318): CodeIgniter\CodeIgniter->handleRequest(NULL, Object(Config\Cache), false)
#7 D:\Book-py3\PHP\project\test2\public\index.php(37): CodeIgniter\CodeIgniter->run()
#8 D:\Book-py3\PHP\project\test2\system\Commands\Server\rewrite.php(43): require_once('D:\\Book-py3\\PHP...')
#9 {main}
CRITICAL - 2022-03-02 11:36:00 --> Call to undefined method CodeIgniter\Pager\Pager::Previous()
#0 D:\Book-py3\PHP\project\test2\system\View\View.php(214): include()
#1 D:\Book-py3\PHP\project\test2\system\View\View.php(217): CodeIgniter\View\View->CodeIgniter\View\{closure}()
#2 D:\Book-py3\PHP\project\test2\system\Common.php(1097): CodeIgniter\View\View->render('carlisting', Array, true)
#3 D:\Book-py3\PHP\project\test2\app\Controllers\front\Car_listing.php(48): view('carlisting', Array)
#4 D:\Book-py3\PHP\project\test2\system\CodeIgniter.php(824): App\Controllers\front\Car_listing->index()
#5 D:\Book-py3\PHP\project\test2\system\CodeIgniter.php(410): CodeIgniter\CodeIgniter->runController(Object(App\Controllers\front\Car_listing))
#6 D:\Book-py3\PHP\project\test2\system\CodeIgniter.php(318): CodeIgniter\CodeIgniter->handleRequest(NULL, Object(Config\Cache), false)
#7 D:\Book-py3\PHP\project\test2\public\index.php(37): CodeIgniter\CodeIgniter->run()
#8 D:\Book-py3\PHP\project\test2\system\Commands\Server\rewrite.php(43): require_once('D:\\Book-py3\\PHP...')
#9 {main}
CRITICAL - 2022-03-02 11:37:30 --> Call to undefined method CodeIgniter\Pager\Pager::Previous()
#0 D:\Book-py3\PHP\project\test2\system\View\View.php(214): include()
#1 D:\Book-py3\PHP\project\test2\system\View\View.php(217): CodeIgniter\View\View->CodeIgniter\View\{closure}()
#2 D:\Book-py3\PHP\project\test2\system\Common.php(1097): CodeIgniter\View\View->render('carlisting', Array, true)
#3 D:\Book-py3\PHP\project\test2\app\Controllers\front\Car_listing.php(50): view('carlisting', Array)
#4 D:\Book-py3\PHP\project\test2\system\CodeIgniter.php(824): App\Controllers\front\Car_listing->index()
#5 D:\Book-py3\PHP\project\test2\system\CodeIgniter.php(410): CodeIgniter\CodeIgniter->runController(Object(App\Controllers\front\Car_listing))
#6 D:\Book-py3\PHP\project\test2\system\CodeIgniter.php(318): CodeIgniter\CodeIgniter->handleRequest(NULL, Object(Config\Cache), false)
#7 D:\Book-py3\PHP\project\test2\public\index.php(37): CodeIgniter\CodeIgniter->run()
#8 D:\Book-py3\PHP\project\test2\system\Commands\Server\rewrite.php(43): require_once('D:\\Book-py3\\PHP...')
#9 {main}
CRITICAL - 2022-03-02 11:38:11 --> Call to a member function Previous() on string
#0 D:\Book-py3\PHP\project\test2\system\View\View.php(214): include()
#1 D:\Book-py3\PHP\project\test2\system\View\View.php(217): CodeIgniter\View\View->CodeIgniter\View\{closure}()
#2 D:\Book-py3\PHP\project\test2\system\Common.php(1097): CodeIgniter\View\View->render('carlisting', Array, true)
#3 D:\Book-py3\PHP\project\test2\app\Controllers\front\Car_listing.php(50): view('carlisting', Array)
#4 D:\Book-py3\PHP\project\test2\system\CodeIgniter.php(824): App\Controllers\front\Car_listing->index()
#5 D:\Book-py3\PHP\project\test2\system\CodeIgniter.php(410): CodeIgniter\CodeIgniter->runController(Object(App\Controllers\front\Car_listing))
#6 D:\Book-py3\PHP\project\test2\system\CodeIgniter.php(318): CodeIgniter\CodeIgniter->handleRequest(NULL, Object(Config\Cache), false)
#7 D:\Book-py3\PHP\project\test2\public\index.php(37): CodeIgniter\CodeIgniter->run()
#8 D:\Book-py3\PHP\project\test2\system\Commands\Server\rewrite.php(43): require_once('D:\\Book-py3\\PHP...')
#9 {main}
CRITICAL - 2022-03-02 11:38:13 --> Call to a member function Previous() on string
#0 D:\Book-py3\PHP\project\test2\system\View\View.php(214): include()
#1 D:\Book-py3\PHP\project\test2\system\View\View.php(217): CodeIgniter\View\View->CodeIgniter\View\{closure}()
#2 D:\Book-py3\PHP\project\test2\system\Common.php(1097): CodeIgniter\View\View->render('carlisting', Array, true)
#3 D:\Book-py3\PHP\project\test2\app\Controllers\front\Car_listing.php(50): view('carlisting', Array)
#4 D:\Book-py3\PHP\project\test2\system\CodeIgniter.php(824): App\Controllers\front\Car_listing->index()
#5 D:\Book-py3\PHP\project\test2\system\CodeIgniter.php(410): CodeIgniter\CodeIgniter->runController(Object(App\Controllers\front\Car_listing))
#6 D:\Book-py3\PHP\project\test2\system\CodeIgniter.php(318): CodeIgniter\CodeIgniter->handleRequest(NULL, Object(Config\Cache), false)
#7 D:\Book-py3\PHP\project\test2\public\index.php(37): CodeIgniter\CodeIgniter->run()
#8 D:\Book-py3\PHP\project\test2\system\Commands\Server\rewrite.php(43): require_once('D:\\Book-py3\\PHP...')
#9 {main}
CRITICAL - 2022-03-02 11:38:22 --> Trying to get property 'Previous' of non-object
#0 D:\Book-py3\PHP\project\test2\app\Views\carlisting.php(102): CodeIgniter\Debug\Exceptions->errorHandler(8, 'Trying to get p...', 'D:\\Book-py3\\PHP...', 102, Array)
#1 D:\Book-py3\PHP\project\test2\system\View\View.php(214): include('D:\\Book-py3\\PHP...')
#2 D:\Book-py3\PHP\project\test2\system\View\View.php(217): CodeIgniter\View\View->CodeIgniter\View\{closure}()
#3 D:\Book-py3\PHP\project\test2\system\Common.php(1097): CodeIgniter\View\View->render('carlisting', Array, true)
#4 D:\Book-py3\PHP\project\test2\app\Controllers\front\Car_listing.php(50): view('carlisting', Array)
#5 D:\Book-py3\PHP\project\test2\system\CodeIgniter.php(824): App\Controllers\front\Car_listing->index()
#6 D:\Book-py3\PHP\project\test2\system\CodeIgniter.php(410): CodeIgniter\CodeIgniter->runController(Object(App\Controllers\front\Car_listing))
#7 D:\Book-py3\PHP\project\test2\system\CodeIgniter.php(318): CodeIgniter\CodeIgniter->handleRequest(NULL, Object(Config\Cache), false)
#8 D:\Book-py3\PHP\project\test2\public\index.php(37): CodeIgniter\CodeIgniter->run()
#9 D:\Book-py3\PHP\project\test2\system\Commands\Server\rewrite.php(43): require_once('D:\\Book-py3\\PHP...')
#10 {main}
CRITICAL - 2022-03-02 11:38:49 --> Illegal string offset 'Previous'
#0 D:\Book-py3\PHP\project\test2\app\Views\carlisting.php(102): CodeIgniter\Debug\Exceptions->errorHandler(2, 'Illegal string ...', 'D:\\Book-py3\\PHP...', 102, Array)
#1 D:\Book-py3\PHP\project\test2\system\View\View.php(214): include('D:\\Book-py3\\PHP...')
#2 D:\Book-py3\PHP\project\test2\system\View\View.php(217): CodeIgniter\View\View->CodeIgniter\View\{closure}()
#3 D:\Book-py3\PHP\project\test2\system\Common.php(1097): CodeIgniter\View\View->render('carlisting', Array, true)
#4 D:\Book-py3\PHP\project\test2\app\Controllers\front\Car_listing.php(50): view('carlisting', Array)
#5 D:\Book-py3\PHP\project\test2\system\CodeIgniter.php(824): App\Controllers\front\Car_listing->index()
#6 D:\Book-py3\PHP\project\test2\system\CodeIgniter.php(410): CodeIgniter\CodeIgniter->runController(Object(App\Controllers\front\Car_listing))
#7 D:\Book-py3\PHP\project\test2\system\CodeIgniter.php(318): CodeIgniter\CodeIgniter->handleRequest(NULL, Object(Config\Cache), false)
#8 D:\Book-py3\PHP\project\test2\public\index.php(37): CodeIgniter\CodeIgniter->run()
#9 D:\Book-py3\PHP\project\test2\system\Commands\Server\rewrite.php(43): require_once('D:\\Book-py3\\PHP...')
#10 {main}
CRITICAL - 2022-03-02 11:38:51 --> Illegal string offset 'Previous'
#0 D:\Book-py3\PHP\project\test2\app\Views\carlisting.php(102): CodeIgniter\Debug\Exceptions->errorHandler(2, 'Illegal string ...', 'D:\\Book-py3\\PHP...', 102, Array)
#1 D:\Book-py3\PHP\project\test2\system\View\View.php(214): include('D:\\Book-py3\\PHP...')
#2 D:\Book-py3\PHP\project\test2\system\View\View.php(217): CodeIgniter\View\View->CodeIgniter\View\{closure}()
#3 D:\Book-py3\PHP\project\test2\system\Common.php(1097): CodeIgniter\View\View->render('carlisting', Array, true)
#4 D:\Book-py3\PHP\project\test2\app\Controllers\front\Car_listing.php(50): view('carlisting', Array)
#5 D:\Book-py3\PHP\project\test2\system\CodeIgniter.php(824): App\Controllers\front\Car_listing->index()
#6 D:\Book-py3\PHP\project\test2\system\CodeIgniter.php(410): CodeIgniter\CodeIgniter->runController(Object(App\Controllers\front\Car_listing))
#7 D:\Book-py3\PHP\project\test2\system\CodeIgniter.php(318): CodeIgniter\CodeIgniter->handleRequest(NULL, Object(Config\Cache), false)
#8 D:\Book-py3\PHP\project\test2\public\index.php(37): CodeIgniter\CodeIgniter->run()
#9 D:\Book-py3\PHP\project\test2\system\Commands\Server\rewrite.php(43): require_once('D:\\Book-py3\\PHP...')
#10 {main}
CRITICAL - 2022-03-02 11:38:52 --> Illegal string offset 'Previous'
#0 D:\Book-py3\PHP\project\test2\app\Views\carlisting.php(102): CodeIgniter\Debug\Exceptions->errorHandler(2, 'Illegal string ...', 'D:\\Book-py3\\PHP...', 102, Array)
#1 D:\Book-py3\PHP\project\test2\system\View\View.php(214): include('D:\\Book-py3\\PHP...')
#2 D:\Book-py3\PHP\project\test2\system\View\View.php(217): CodeIgniter\View\View->CodeIgniter\View\{closure}()
#3 D:\Book-py3\PHP\project\test2\system\Common.php(1097): CodeIgniter\View\View->render('carlisting', Array, true)
#4 D:\Book-py3\PHP\project\test2\app\Controllers\front\Car_listing.php(50): view('carlisting', Array)
#5 D:\Book-py3\PHP\project\test2\system\CodeIgniter.php(824): App\Controllers\front\Car_listing->index()
#6 D:\Book-py3\PHP\project\test2\system\CodeIgniter.php(410): CodeIgniter\CodeIgniter->runController(Object(App\Controllers\front\Car_listing))
#7 D:\Book-py3\PHP\project\test2\system\CodeIgniter.php(318): CodeIgniter\CodeIgniter->handleRequest(NULL, Object(Config\Cache), false)
#8 D:\Book-py3\PHP\project\test2\public\index.php(37): CodeIgniter\CodeIgniter->run()
#9 D:\Book-py3\PHP\project\test2\system\Commands\Server\rewrite.php(43): require_once('D:\\Book-py3\\PHP...')
#10 {main}
CRITICAL - 2022-03-02 11:39:13 --> Call to a member function links() on string
#0 D:\Book-py3\PHP\project\test2\system\View\View.php(214): include()
#1 D:\Book-py3\PHP\project\test2\system\View\View.php(217): CodeIgniter\View\View->CodeIgniter\View\{closure}()
#2 D:\Book-py3\PHP\project\test2\system\Common.php(1097): CodeIgniter\View\View->render('carlisting', Array, true)
#3 D:\Book-py3\PHP\project\test2\app\Controllers\front\Car_listing.php(50): view('carlisting', Array)
#4 D:\Book-py3\PHP\project\test2\system\CodeIgniter.php(824): App\Controllers\front\Car_listing->index()
#5 D:\Book-py3\PHP\project\test2\system\CodeIgniter.php(410): CodeIgniter\CodeIgniter->runController(Object(App\Controllers\front\Car_listing))
#6 D:\Book-py3\PHP\project\test2\system\CodeIgniter.php(318): CodeIgniter\CodeIgniter->handleRequest(NULL, Object(Config\Cache), false)
#7 D:\Book-py3\PHP\project\test2\public\index.php(37): CodeIgniter\CodeIgniter->run()
#8 D:\Book-py3\PHP\project\test2\system\Commands\Server\rewrite.php(43): require_once('D:\\Book-py3\\PHP...')
#9 {main}
CRITICAL - 2022-03-02 11:40:19 --> Trying to get property 'Previous' of non-object
#0 D:\Book-py3\PHP\project\test2\app\Views\carlisting.php(102): CodeIgniter\Debug\Exceptions->errorHandler(8, 'Trying to get p...', 'D:\\Book-py3\\PHP...', 102, Array)
#1 D:\Book-py3\PHP\project\test2\system\View\View.php(214): include('D:\\Book-py3\\PHP...')
#2 D:\Book-py3\PHP\project\test2\system\View\View.php(217): CodeIgniter\View\View->CodeIgniter\View\{closure}()
#3 D:\Book-py3\PHP\project\test2\system\Common.php(1097): CodeIgniter\View\View->render('carlisting', Array, true)
#4 D:\Book-py3\PHP\project\test2\app\Controllers\front\Car_listing.php(50): view('carlisting', Array)
#5 D:\Book-py3\PHP\project\test2\system\CodeIgniter.php(824): App\Controllers\front\Car_listing->index()
#6 D:\Book-py3\PHP\project\test2\system\CodeIgniter.php(410): CodeIgniter\CodeIgniter->runController(Object(App\Controllers\front\Car_listing))
#7 D:\Book-py3\PHP\project\test2\system\CodeIgniter.php(318): CodeIgniter\CodeIgniter->handleRequest(NULL, Object(Config\Cache), false)
#8 D:\Book-py3\PHP\project\test2\public\index.php(37): CodeIgniter\CodeIgniter->run()
#9 D:\Book-py3\PHP\project\test2\system\Commands\Server\rewrite.php(43): require_once('D:\\Book-py3\\PHP...')
#10 {main}
CRITICAL - 2022-03-02 11:40:49 --> Illegal string offset 'Previous'
#0 D:\Book-py3\PHP\project\test2\app\Views\carlisting.php(102): CodeIgniter\Debug\Exceptions->errorHandler(2, 'Illegal string ...', 'D:\\Book-py3\\PHP...', 102, Array)
#1 D:\Book-py3\PHP\project\test2\system\View\View.php(214): include('D:\\Book-py3\\PHP...')
#2 D:\Book-py3\PHP\project\test2\system\View\View.php(217): CodeIgniter\View\View->CodeIgniter\View\{closure}()
#3 D:\Book-py3\PHP\project\test2\system\Common.php(1097): CodeIgniter\View\View->render('carlisting', Array, true)
#4 D:\Book-py3\PHP\project\test2\app\Controllers\front\Car_listing.php(50): view('carlisting', Array)
#5 D:\Book-py3\PHP\project\test2\system\CodeIgniter.php(824): App\Controllers\front\Car_listing->index()
#6 D:\Book-py3\PHP\project\test2\system\CodeIgniter.php(410): CodeIgniter\CodeIgniter->runController(Object(App\Controllers\front\Car_listing))
#7 D:\Book-py3\PHP\project\test2\system\CodeIgniter.php(318): CodeIgniter\CodeIgniter->handleRequest(NULL, Object(Config\Cache), false)
#8 D:\Book-py3\PHP\project\test2\public\index.php(37): CodeIgniter\CodeIgniter->run()
#9 D:\Book-py3\PHP\project\test2\system\Commands\Server\rewrite.php(43): require_once('D:\\Book-py3\\PHP...')
#10 {main}
