CRITICAL - 2022-02-07 07:08:13 --> Class 'App\Controllers\front\Hash' not found
#0 D:\Book-py3\PHP\project\test2\system\CodeIgniter.php(824): App\Controllers\front\Home->adduser()
#1 D:\Book-py3\PHP\project\test2\system\CodeIgniter.php(410): CodeIgniter\CodeIgniter->runController(Object(App\Controllers\front\Home))
#2 D:\Book-py3\PHP\project\test2\system\CodeIgniter.php(318): CodeIgniter\CodeIgniter->handleRequest(NULL, Object(Config\Cache), false)
#3 D:\Book-py3\PHP\project\test2\public\index.php(37): CodeIgniter\CodeIgniter->run()
#4 D:\Book-py3\PHP\project\test2\system\Commands\Server\rewrite.php(43): require_once('D:\\Book-py3\\PHP...')
#5 {main}
CRITICAL - 2022-02-07 07:54:33 --> Invalid file: /.php
#0 D:\Book-py3\PHP\project\test2\system\View\View.php(198): CodeIgniter\Exceptions\FrameworkException::forInvalidFile('/.php')
#1 D:\Book-py3\PHP\project\test2\system\Common.php(1097): CodeIgniter\View\View->render('/', Array, true)
#2 D:\Book-py3\PHP\project\test2\app\Controllers\front\Home.php(66): view('/', Array)
#3 D:\Book-py3\PHP\project\test2\system\CodeIgniter.php(824): App\Controllers\front\Home->adduser()
#4 D:\Book-py3\PHP\project\test2\system\CodeIgniter.php(410): CodeIgniter\CodeIgniter->runController(Object(App\Controllers\front\Home))
#5 D:\Book-py3\PHP\project\test2\system\CodeIgniter.php(318): CodeIgniter\CodeIgniter->handleRequest(NULL, Object(Config\Cache), false)
#6 D:\Book-py3\PHP\project\test2\public\index.php(37): CodeIgniter\CodeIgniter->run()
#7 D:\Book-py3\PHP\project\test2\system\Commands\Server\rewrite.php(43): require_once('D:\\Book-py3\\PHP...')
#8 {main}
CRITICAL - 2022-02-07 07:57:49 --> syntax error, unexpected end of file, expecting elseif (T_ELSEIF) or else (T_ELSE) or endif (T_ENDIF)
#0 D:\Book-py3\PHP\project\test2\system\View\View.php(217): CodeIgniter\View\View->CodeIgniter\View\{closure}()
#1 D:\Book-py3\PHP\project\test2\system\Common.php(1097): CodeIgniter\View\View->render('home', Array, true)
#2 D:\Book-py3\PHP\project\test2\app\Controllers\front\Home.php(66): view('home', Array)
#3 D:\Book-py3\PHP\project\test2\system\CodeIgniter.php(824): App\Controllers\front\Home->adduser()
#4 D:\Book-py3\PHP\project\test2\system\CodeIgniter.php(410): CodeIgniter\CodeIgniter->runController(Object(App\Controllers\front\Home))
#5 D:\Book-py3\PHP\project\test2\system\CodeIgniter.php(318): CodeIgniter\CodeIgniter->handleRequest(NULL, Object(Config\Cache), false)
#6 D:\Book-py3\PHP\project\test2\public\index.php(37): CodeIgniter\CodeIgniter->run()
#7 D:\Book-py3\PHP\project\test2\system\Commands\Server\rewrite.php(43): require_once('D:\\Book-py3\\PHP...')
#8 {main}
CRITICAL - 2022-02-07 07:57:59 --> syntax error, unexpected end of file, expecting elseif (T_ELSEIF) or else (T_ELSE) or endif (T_ENDIF)
#0 D:\Book-py3\PHP\project\test2\system\View\View.php(217): CodeIgniter\View\View->CodeIgniter\View\{closure}()
#1 D:\Book-py3\PHP\project\test2\system\Common.php(1097): CodeIgniter\View\View->render('home', Array, true)
#2 D:\Book-py3\PHP\project\test2\app\Controllers\front\Home.php(16): view('home')
#3 D:\Book-py3\PHP\project\test2\system\CodeIgniter.php(824): App\Controllers\front\Home->index()
#4 D:\Book-py3\PHP\project\test2\system\CodeIgniter.php(410): CodeIgniter\CodeIgniter->runController(Object(App\Controllers\front\Home))
#5 D:\Book-py3\PHP\project\test2\system\CodeIgniter.php(318): CodeIgniter\CodeIgniter->handleRequest(NULL, Object(Config\Cache), false)
#6 D:\Book-py3\PHP\project\test2\public\index.php(37): CodeIgniter\CodeIgniter->run()
#7 D:\Book-py3\PHP\project\test2\system\Commands\Server\rewrite.php(43): require_once('D:\\Book-py3\\PHP...')
#8 {main}
CRITICAL - 2022-02-07 08:00:34 --> Invalid file: /.php
#0 D:\Book-py3\PHP\project\test2\system\View\View.php(198): CodeIgniter\Exceptions\FrameworkException::forInvalidFile('/.php')
#1 D:\Book-py3\PHP\project\test2\system\Common.php(1097): CodeIgniter\View\View->render('/', Array, true)
#2 D:\Book-py3\PHP\project\test2\app\Controllers\front\Home.php(66): view('/', Array)
#3 D:\Book-py3\PHP\project\test2\system\CodeIgniter.php(824): App\Controllers\front\Home->adduser()
#4 D:\Book-py3\PHP\project\test2\system\CodeIgniter.php(410): CodeIgniter\CodeIgniter->runController(Object(App\Controllers\front\Home))
#5 D:\Book-py3\PHP\project\test2\system\CodeIgniter.php(318): CodeIgniter\CodeIgniter->handleRequest(NULL, Object(Config\Cache), false)
#6 D:\Book-py3\PHP\project\test2\public\index.php(37): CodeIgniter\CodeIgniter->run()
#7 D:\Book-py3\PHP\project\test2\system\Commands\Server\rewrite.php(43): require_once('D:\\Book-py3\\PHP...')
#8 {main}
CRITICAL - 2022-02-07 08:07:29 --> Invalid file: /.php
#0 D:\Book-py3\PHP\project\test2\system\View\View.php(198): CodeIgniter\Exceptions\FrameworkException::forInvalidFile('/.php')
#1 D:\Book-py3\PHP\project\test2\system\Common.php(1097): CodeIgniter\View\View->render('/', Array, true)
#2 D:\Book-py3\PHP\project\test2\app\Controllers\front\Home.php(67): view('/', Array)
#3 D:\Book-py3\PHP\project\test2\system\CodeIgniter.php(824): App\Controllers\front\Home->adduser()
#4 D:\Book-py3\PHP\project\test2\system\CodeIgniter.php(410): CodeIgniter\CodeIgniter->runController(Object(App\Controllers\front\Home))
#5 D:\Book-py3\PHP\project\test2\system\CodeIgniter.php(318): CodeIgniter\CodeIgniter->handleRequest(NULL, Object(Config\Cache), false)
#6 D:\Book-py3\PHP\project\test2\public\index.php(37): CodeIgniter\CodeIgniter->run()
#7 D:\Book-py3\PHP\project\test2\system\Commands\Server\rewrite.php(43): require_once('D:\\Book-py3\\PHP...')
#8 {main}
CRITICAL - 2022-02-07 10:17:42 --> Trying to access array offset on value of type null
#0 D:\Book-py3\PHP\project\test2\app\Controllers\front\Home.php(144): CodeIgniter\Debug\Exceptions->errorHandler(8, 'Trying to acces...', 'D:\\Book-py3\\PHP...', 144, Array)
#1 D:\Book-py3\PHP\project\test2\system\CodeIgniter.php(824): App\Controllers\front\Home->checkuser()
#2 D:\Book-py3\PHP\project\test2\system\CodeIgniter.php(410): CodeIgniter\CodeIgniter->runController(Object(App\Controllers\front\Home))
#3 D:\Book-py3\PHP\project\test2\system\CodeIgniter.php(318): CodeIgniter\CodeIgniter->handleRequest(NULL, Object(Config\Cache), false)
#4 D:\Book-py3\PHP\project\test2\public\index.php(37): CodeIgniter\CodeIgniter->run()
#5 D:\Book-py3\PHP\project\test2\system\Commands\Server\rewrite.php(43): require_once('D:\\Book-py3\\PHP...')
#6 {main}
CRITICAL - 2022-02-07 10:25:08 --> Invalid file: home .php
#0 D:\Book-py3\PHP\project\test2\system\View\View.php(198): CodeIgniter\Exceptions\FrameworkException::forInvalidFile('home .php')
#1 D:\Book-py3\PHP\project\test2\system\Common.php(1097): CodeIgniter\View\View->render('home ', Array, true)
#2 D:\Book-py3\PHP\project\test2\app\Controllers\front\Home.php(137): view('home ', Array)
#3 D:\Book-py3\PHP\project\test2\system\CodeIgniter.php(824): App\Controllers\front\Home->checkuser()
#4 D:\Book-py3\PHP\project\test2\system\CodeIgniter.php(410): CodeIgniter\CodeIgniter->runController(Object(App\Controllers\front\Home))
#5 D:\Book-py3\PHP\project\test2\system\CodeIgniter.php(318): CodeIgniter\CodeIgniter->handleRequest(NULL, Object(Config\Cache), false)
#6 D:\Book-py3\PHP\project\test2\public\index.php(37): CodeIgniter\CodeIgniter->run()
#7 D:\Book-py3\PHP\project\test2\system\Commands\Server\rewrite.php(43): require_once('D:\\Book-py3\\PHP...')
#8 {main}
ERROR - 2022-02-07 10:27:32 --> Unknown column 'emailid' in 'where clause'
CRITICAL - 2022-02-07 10:27:32 --> Unknown column 'emailid' in 'where clause'
#0 D:\Book-py3\PHP\project\test2\system\Database\MySQLi\Connection.php(292): mysqli->query('SELECT 1\nFROM `...', 0)
#1 D:\Book-py3\PHP\project\test2\system\Database\BaseConnection.php(670): CodeIgniter\Database\MySQLi\Connection->execute('SELECT 1\nFROM `...')
#2 D:\Book-py3\PHP\project\test2\system\Database\BaseConnection.php(598): CodeIgniter\Database\BaseConnection->simpleQuery('SELECT 1\nFROM `...')
#3 D:\Book-py3\PHP\project\test2\system\Database\BaseBuilder.php(1443): CodeIgniter\Database\BaseConnection->query('SELECT 1\nFROM `...', Array, false)
#4 D:\Book-py3\PHP\project\test2\system\Validation\Rules.php(116): CodeIgniter\Database\BaseBuilder->get()
#5 D:\Book-py3\PHP\project\test2\system\Validation\Validation.php(277): CodeIgniter\Validation\Rules->is_not_unique('ggg999@gmail.co...', 'emailid', Array, NULL)
#6 D:\Book-py3\PHP\project\test2\system\Validation\Validation.php(151): CodeIgniter\Validation\Validation->processRules('Emailld', 'Emailld', 'ggg999@gmail.co...', Array, Array)
#7 D:\Book-py3\PHP\project\test2\system\Controller.php(160): CodeIgniter\Validation\Validation->run()
#8 D:\Book-py3\PHP\project\test2\app\Controllers\front\Home.php(116): CodeIgniter\Controller->validate(Array)
#9 D:\Book-py3\PHP\project\test2\system\CodeIgniter.php(824): App\Controllers\front\Home->checkuser()
#10 D:\Book-py3\PHP\project\test2\system\CodeIgniter.php(410): CodeIgniter\CodeIgniter->runController(Object(App\Controllers\front\Home))
#11 D:\Book-py3\PHP\project\test2\system\CodeIgniter.php(318): CodeIgniter\CodeIgniter->handleRequest(NULL, Object(Config\Cache), false)
#12 D:\Book-py3\PHP\project\test2\public\index.php(37): CodeIgniter\CodeIgniter->run()
#13 D:\Book-py3\PHP\project\test2\system\Commands\Server\rewrite.php(43): require_once('D:\\Book-py3\\PHP...')
#14 {main}
ERROR - 2022-02-07 10:29:24 --> Unknown column 'emailid' in 'where clause'
CRITICAL - 2022-02-07 10:29:24 --> Unknown column 'emailid' in 'where clause'
#0 D:\Book-py3\PHP\project\test2\system\Database\MySQLi\Connection.php(292): mysqli->query('SELECT 1\nFROM `...', 0)
#1 D:\Book-py3\PHP\project\test2\system\Database\BaseConnection.php(670): CodeIgniter\Database\MySQLi\Connection->execute('SELECT 1\nFROM `...')
#2 D:\Book-py3\PHP\project\test2\system\Database\BaseConnection.php(598): CodeIgniter\Database\BaseConnection->simpleQuery('SELECT 1\nFROM `...')
#3 D:\Book-py3\PHP\project\test2\system\Database\BaseBuilder.php(1443): CodeIgniter\Database\BaseConnection->query('SELECT 1\nFROM `...', Array, false)
#4 D:\Book-py3\PHP\project\test2\system\Validation\Rules.php(116): CodeIgniter\Database\BaseBuilder->get()
#5 D:\Book-py3\PHP\project\test2\system\Validation\Validation.php(277): CodeIgniter\Validation\Rules->is_not_unique('ggg999@gmail.co...', 'emailid', Array, NULL)
#6 D:\Book-py3\PHP\project\test2\system\Validation\Validation.php(151): CodeIgniter\Validation\Validation->processRules('Emailld', 'Emailld', 'ggg999@gmail.co...', Array, Array)
#7 D:\Book-py3\PHP\project\test2\system\Controller.php(160): CodeIgniter\Validation\Validation->run()
#8 D:\Book-py3\PHP\project\test2\app\Controllers\front\Home.php(116): CodeIgniter\Controller->validate(Array)
#9 D:\Book-py3\PHP\project\test2\system\CodeIgniter.php(824): App\Controllers\front\Home->checkuser()
#10 D:\Book-py3\PHP\project\test2\system\CodeIgniter.php(410): CodeIgniter\CodeIgniter->runController(Object(App\Controllers\front\Home))
#11 D:\Book-py3\PHP\project\test2\system\CodeIgniter.php(318): CodeIgniter\CodeIgniter->handleRequest(NULL, Object(Config\Cache), false)
#12 D:\Book-py3\PHP\project\test2\public\index.php(37): CodeIgniter\CodeIgniter->run()
#13 D:\Book-py3\PHP\project\test2\system\Commands\Server\rewrite.php(43): require_once('D:\\Book-py3\\PHP...')
#14 {main}
ERROR - 2022-02-07 10:29:41 --> Unknown column 'emailid' in 'where clause'
CRITICAL - 2022-02-07 10:29:41 --> Unknown column 'emailid' in 'where clause'
#0 D:\Book-py3\PHP\project\test2\system\Database\MySQLi\Connection.php(292): mysqli->query('SELECT 1\nFROM `...', 0)
#1 D:\Book-py3\PHP\project\test2\system\Database\BaseConnection.php(670): CodeIgniter\Database\MySQLi\Connection->execute('SELECT 1\nFROM `...')
#2 D:\Book-py3\PHP\project\test2\system\Database\BaseConnection.php(598): CodeIgniter\Database\BaseConnection->simpleQuery('SELECT 1\nFROM `...')
#3 D:\Book-py3\PHP\project\test2\system\Database\BaseBuilder.php(1443): CodeIgniter\Database\BaseConnection->query('SELECT 1\nFROM `...', Array, false)
#4 D:\Book-py3\PHP\project\test2\system\Validation\Rules.php(116): CodeIgniter\Database\BaseBuilder->get()
#5 D:\Book-py3\PHP\project\test2\system\Validation\Validation.php(277): CodeIgniter\Validation\Rules->is_not_unique('ggg999@gmail.co...', 'emailid', Array, NULL)
#6 D:\Book-py3\PHP\project\test2\system\Validation\Validation.php(151): CodeIgniter\Validation\Validation->processRules('Emailld', 'Emailld', 'ggg999@gmail.co...', Array, Array)
#7 D:\Book-py3\PHP\project\test2\system\Controller.php(160): CodeIgniter\Validation\Validation->run()
#8 D:\Book-py3\PHP\project\test2\app\Controllers\front\Home.php(116): CodeIgniter\Controller->validate(Array)
#9 D:\Book-py3\PHP\project\test2\system\CodeIgniter.php(824): App\Controllers\front\Home->checkuser()
#10 D:\Book-py3\PHP\project\test2\system\CodeIgniter.php(410): CodeIgniter\CodeIgniter->runController(Object(App\Controllers\front\Home))
#11 D:\Book-py3\PHP\project\test2\system\CodeIgniter.php(318): CodeIgniter\CodeIgniter->handleRequest(NULL, Object(Config\Cache), false)
#12 D:\Book-py3\PHP\project\test2\public\index.php(37): CodeIgniter\CodeIgniter->run()
#13 D:\Book-py3\PHP\project\test2\system\Commands\Server\rewrite.php(43): require_once('D:\\Book-py3\\PHP...')
#14 {main}
CRITICAL - 2022-02-07 11:29:34 --> Argument 2 passed to view() must be of the type array, string given, called in D:\Book-py3\PHP\project\test2\app\Controllers\front\Home.php on line 20
#0 D:\Book-py3\PHP\project\test2\app\Controllers\front\Home.php(20): view('home', '16')
#1 D:\Book-py3\PHP\project\test2\system\CodeIgniter.php(824): App\Controllers\front\Home->index()
#2 D:\Book-py3\PHP\project\test2\system\CodeIgniter.php(410): CodeIgniter\CodeIgniter->runController(Object(App\Controllers\front\Home))
#3 D:\Book-py3\PHP\project\test2\system\CodeIgniter.php(318): CodeIgniter\CodeIgniter->handleRequest(NULL, Object(Config\Cache), false)
#4 D:\Book-py3\PHP\project\test2\public\index.php(37): CodeIgniter\CodeIgniter->run()
#5 D:\Book-py3\PHP\project\test2\system\Commands\Server\rewrite.php(43): require_once('D:\\Book-py3\\PHP...')
#6 {main}
CRITICAL - 2022-02-07 12:19:10 --> Undefined property: CodeIgniter\View\View::$session
#0 D:\Book-py3\PHP\project\test2\app\Views\includes\header.php(29): CodeIgniter\Debug\Exceptions->errorHandler(8, 'Undefined prope...', 'D:\\Book-py3\\PHP...', 29, Array)
#1 D:\Book-py3\PHP\project\test2\app\Views\home.php(40): include('D:\\Book-py3\\PHP...')
#2 D:\Book-py3\PHP\project\test2\system\View\View.php(214): include('D:\\Book-py3\\PHP...')
#3 D:\Book-py3\PHP\project\test2\system\View\View.php(217): CodeIgniter\View\View->CodeIgniter\View\{closure}()
#4 D:\Book-py3\PHP\project\test2\system\Common.php(1097): CodeIgniter\View\View->render('home', Array, true)
#5 D:\Book-py3\PHP\project\test2\app\Controllers\front\Home.php(26): view('home')
#6 D:\Book-py3\PHP\project\test2\system\CodeIgniter.php(824): App\Controllers\front\Home->index()
#7 D:\Book-py3\PHP\project\test2\system\CodeIgniter.php(410): CodeIgniter\CodeIgniter->runController(Object(App\Controllers\front\Home))
#8 D:\Book-py3\PHP\project\test2\system\CodeIgniter.php(318): CodeIgniter\CodeIgniter->handleRequest(NULL, Object(Config\Cache), false)
#9 D:\Book-py3\PHP\project\test2\public\index.php(37): CodeIgniter\CodeIgniter->run()
#10 D:\Book-py3\PHP\project\test2\system\Commands\Server\rewrite.php(43): require_once('D:\\Book-py3\\PHP...')
#11 {main}
CRITICAL - 2022-02-07 12:19:23 --> Undefined property: CodeIgniter\View\View::$session
#0 D:\Book-py3\PHP\project\test2\app\Views\includes\header.php(29): CodeIgniter\Debug\Exceptions->errorHandler(8, 'Undefined prope...', 'D:\\Book-py3\\PHP...', 29, Array)
#1 D:\Book-py3\PHP\project\test2\app\Views\home.php(40): include('D:\\Book-py3\\PHP...')
#2 D:\Book-py3\PHP\project\test2\system\View\View.php(214): include('D:\\Book-py3\\PHP...')
#3 D:\Book-py3\PHP\project\test2\system\View\View.php(217): CodeIgniter\View\View->CodeIgniter\View\{closure}()
#4 D:\Book-py3\PHP\project\test2\system\Common.php(1097): CodeIgniter\View\View->render('home', Array, true)
#5 D:\Book-py3\PHP\project\test2\app\Controllers\front\Home.php(26): view('home')
#6 D:\Book-py3\PHP\project\test2\system\CodeIgniter.php(824): App\Controllers\front\Home->index()
#7 D:\Book-py3\PHP\project\test2\system\CodeIgniter.php(410): CodeIgniter\CodeIgniter->runController(Object(App\Controllers\front\Home))
#8 D:\Book-py3\PHP\project\test2\system\CodeIgniter.php(318): CodeIgniter\CodeIgniter->handleRequest(NULL, Object(Config\Cache), false)
#9 D:\Book-py3\PHP\project\test2\public\index.php(37): CodeIgniter\CodeIgniter->run()
#10 D:\Book-py3\PHP\project\test2\system\Commands\Server\rewrite.php(43): require_once('D:\\Book-py3\\PHP...')
#11 {main}
CRITICAL - 2022-02-07 12:20:40 --> Undefined variable: _SESSION
#0 D:\Book-py3\PHP\project\test2\app\Views\includes\header.php(30): CodeIgniter\Debug\Exceptions->errorHandler(8, 'Undefined varia...', 'D:\\Book-py3\\PHP...', 30, Array)
#1 D:\Book-py3\PHP\project\test2\app\Views\home.php(40): include('D:\\Book-py3\\PHP...')
#2 D:\Book-py3\PHP\project\test2\system\View\View.php(214): include('D:\\Book-py3\\PHP...')
#3 D:\Book-py3\PHP\project\test2\system\View\View.php(217): CodeIgniter\View\View->CodeIgniter\View\{closure}()
#4 D:\Book-py3\PHP\project\test2\system\Common.php(1097): CodeIgniter\View\View->render('home', Array, true)
#5 D:\Book-py3\PHP\project\test2\app\Controllers\front\Home.php(26): view('home')
#6 D:\Book-py3\PHP\project\test2\system\CodeIgniter.php(824): App\Controllers\front\Home->index()
#7 D:\Book-py3\PHP\project\test2\system\CodeIgniter.php(410): CodeIgniter\CodeIgniter->runController(Object(App\Controllers\front\Home))
#8 D:\Book-py3\PHP\project\test2\system\CodeIgniter.php(318): CodeIgniter\CodeIgniter->handleRequest(NULL, Object(Config\Cache), false)
#9 D:\Book-py3\PHP\project\test2\public\index.php(37): CodeIgniter\CodeIgniter->run()
#10 D:\Book-py3\PHP\project\test2\system\Commands\Server\rewrite.php(43): require_once('D:\\Book-py3\\PHP...')
#11 {main}
CRITICAL - 2022-02-07 12:20:41 --> Undefined variable: _SESSION
#0 D:\Book-py3\PHP\project\test2\app\Views\includes\header.php(30): CodeIgniter\Debug\Exceptions->errorHandler(8, 'Undefined varia...', 'D:\\Book-py3\\PHP...', 30, Array)
#1 D:\Book-py3\PHP\project\test2\app\Views\home.php(40): include('D:\\Book-py3\\PHP...')
#2 D:\Book-py3\PHP\project\test2\system\View\View.php(214): include('D:\\Book-py3\\PHP...')
#3 D:\Book-py3\PHP\project\test2\system\View\View.php(217): CodeIgniter\View\View->CodeIgniter\View\{closure}()
#4 D:\Book-py3\PHP\project\test2\system\Common.php(1097): CodeIgniter\View\View->render('home', Array, true)
#5 D:\Book-py3\PHP\project\test2\app\Controllers\front\Home.php(26): view('home')
#6 D:\Book-py3\PHP\project\test2\system\CodeIgniter.php(824): App\Controllers\front\Home->index()
#7 D:\Book-py3\PHP\project\test2\system\CodeIgniter.php(410): CodeIgniter\CodeIgniter->runController(Object(App\Controllers\front\Home))
#8 D:\Book-py3\PHP\project\test2\system\CodeIgniter.php(318): CodeIgniter\CodeIgniter->handleRequest(NULL, Object(Config\Cache), false)
#9 D:\Book-py3\PHP\project\test2\public\index.php(37): CodeIgniter\CodeIgniter->run()
#10 D:\Book-py3\PHP\project\test2\system\Commands\Server\rewrite.php(43): require_once('D:\\Book-py3\\PHP...')
#11 {main}
