CRITICAL - 2022-02-21 02:57:37 --> Undefined variable: showtest
#0 D:\Book-py3\PHP\project\test2\app\Views\home.php(162): CodeIgniter\Debug\Exceptions->errorHandler(8, 'Undefined varia...', 'D:\\Book-py3\\PHP...', 162, Array)
#1 D:\Book-py3\PHP\project\test2\system\View\View.php(214): include('D:\\Book-py3\\PHP...')
#2 D:\Book-py3\PHP\project\test2\system\View\View.php(217): CodeIgniter\View\View->CodeIgniter\View\{closure}()
#3 D:\Book-py3\PHP\project\test2\system\Common.php(1097): CodeIgniter\View\View->render('home', Array, true)
#4 D:\Book-py3\PHP\project\test2\app\Controllers\front\Home.php(97): view('home', Array)
#5 D:\Book-py3\PHP\project\test2\system\CodeIgniter.php(824): App\Controllers\front\Home->adduser()
#6 D:\Book-py3\PHP\project\test2\system\CodeIgniter.php(410): CodeIgniter\CodeIgniter->runController(Object(App\Controllers\front\Home))
#7 D:\Book-py3\PHP\project\test2\system\CodeIgniter.php(318): CodeIgniter\CodeIgniter->handleRequest(NULL, Object(Config\Cache), false)
#8 D:\Book-py3\PHP\project\test2\public\index.php(37): CodeIgniter\CodeIgniter->run()
#9 D:\Book-py3\PHP\project\test2\system\Commands\Server\rewrite.php(43): require_once('D:\\Book-py3\\PHP...')
#10 {main}
CRITICAL - 2022-02-21 03:04:08 --> Undefined variable: showtest
#0 D:\Book-py3\PHP\project\test2\app\Views\home.php(162): CodeIgniter\Debug\Exceptions->errorHandler(8, 'Undefined varia...', 'D:\\Book-py3\\PHP...', 162, Array)
#1 D:\Book-py3\PHP\project\test2\system\View\View.php(214): include('D:\\Book-py3\\PHP...')
#2 D:\Book-py3\PHP\project\test2\system\View\View.php(217): CodeIgniter\View\View->CodeIgniter\View\{closure}()
#3 D:\Book-py3\PHP\project\test2\system\Common.php(1097): CodeIgniter\View\View->render('home', Array, true)
#4 D:\Book-py3\PHP\project\test2\app\Controllers\front\Home.php(181): view('home', Array)
#5 D:\Book-py3\PHP\project\test2\system\CodeIgniter.php(824): App\Controllers\front\Home->checkuser2()
#6 D:\Book-py3\PHP\project\test2\system\CodeIgniter.php(410): CodeIgniter\CodeIgniter->runController(Object(App\Controllers\front\Home))
#7 D:\Book-py3\PHP\project\test2\system\CodeIgniter.php(318): CodeIgniter\CodeIgniter->handleRequest(NULL, Object(Config\Cache), false)
#8 D:\Book-py3\PHP\project\test2\public\index.php(37): CodeIgniter\CodeIgniter->run()
#9 D:\Book-py3\PHP\project\test2\system\Commands\Server\rewrite.php(43): require_once('D:\\Book-py3\\PHP...')
#10 {main}
