CRITICAL - 2022-02-25 08:41:50 --> Return value of CodeIgniter\BaseModel::transformDataToArray() must be of the type array, string returned
#0 D:\Book-py3\PHP\project\test2\system\BaseModel.php(832): CodeIgniter\BaseModel->transformDataToArray('02096316032', 'update')
#1 D:\Book-py3\PHP\project\test2\system\Model.php(646): CodeIgniter\BaseModel->update(Array, '02096316032')
#2 D:\Book-py3\PHP\project\test2\app\Controllers\front\Home.php(281): CodeIgniter\Model->update('justinnew49@gma...', '02096316032', Array)
#3 D:\Book-py3\PHP\project\test2\system\CodeIgniter.php(824): App\Controllers\front\Home->forgot()
#4 D:\Book-py3\PHP\project\test2\system\CodeIgniter.php(410): CodeIgniter\CodeIgniter->runController(Object(App\Controllers\front\Home))
#5 D:\Book-py3\PHP\project\test2\system\CodeIgniter.php(318): CodeIgniter\CodeIgniter->handleRequest(NULL, Object(Config\Cache), false)
#6 D:\Book-py3\PHP\project\test2\public\index.php(37): CodeIgniter\CodeIgniter->run()
#7 D:\Book-py3\PHP\project\test2\system\Commands\Server\rewrite.php(43): require_once('D:\\Book-py3\\PHP...')
#8 {main}
CRITICAL - 2022-02-25 08:44:03 --> Return value of CodeIgniter\BaseModel::transformDataToArray() must be of the type array, string returned
#0 D:\Book-py3\PHP\project\test2\system\BaseModel.php(832): CodeIgniter\BaseModel->transformDataToArray('02096316032', 'update')
#1 D:\Book-py3\PHP\project\test2\system\Model.php(646): CodeIgniter\BaseModel->update(Array, '02096316032')
#2 D:\Book-py3\PHP\project\test2\app\Controllers\front\Home.php(281): CodeIgniter\Model->update('justinnew49@gma...', '02096316032', Array)
#3 D:\Book-py3\PHP\project\test2\system\CodeIgniter.php(824): App\Controllers\front\Home->forgot()
#4 D:\Book-py3\PHP\project\test2\system\CodeIgniter.php(410): CodeIgniter\CodeIgniter->runController(Object(App\Controllers\front\Home))
#5 D:\Book-py3\PHP\project\test2\system\CodeIgniter.php(318): CodeIgniter\CodeIgniter->handleRequest(NULL, Object(Config\Cache), false)
#6 D:\Book-py3\PHP\project\test2\public\index.php(37): CodeIgniter\CodeIgniter->run()
#7 D:\Book-py3\PHP\project\test2\system\Commands\Server\rewrite.php(43): require_once('D:\\Book-py3\\PHP...')
#8 {main}
CRITICAL - 2022-02-25 08:44:19 --> Return value of CodeIgniter\BaseModel::transformDataToArray() must be of the type array, string returned
#0 D:\Book-py3\PHP\project\test2\system\BaseModel.php(832): CodeIgniter\BaseModel->transformDataToArray('02096316032', 'update')
#1 D:\Book-py3\PHP\project\test2\system\Model.php(646): CodeIgniter\BaseModel->update(Array, '02096316032')
#2 D:\Book-py3\PHP\project\test2\app\Controllers\front\Home.php(281): CodeIgniter\Model->update('justinnew49@gma...', '02096316032', Array)
#3 D:\Book-py3\PHP\project\test2\system\CodeIgniter.php(824): App\Controllers\front\Home->forgot()
#4 D:\Book-py3\PHP\project\test2\system\CodeIgniter.php(410): CodeIgniter\CodeIgniter->runController(Object(App\Controllers\front\Home))
#5 D:\Book-py3\PHP\project\test2\system\CodeIgniter.php(318): CodeIgniter\CodeIgniter->handleRequest(NULL, Object(Config\Cache), false)
#6 D:\Book-py3\PHP\project\test2\public\index.php(37): CodeIgniter\CodeIgniter->run()
#7 D:\Book-py3\PHP\project\test2\system\Commands\Server\rewrite.php(43): require_once('D:\\Book-py3\\PHP...')
#8 {main}
CRITICAL - 2022-02-25 08:45:57 --> Return value of CodeIgniter\BaseModel::transformDataToArray() must be of the type array, string returned
#0 D:\Book-py3\PHP\project\test2\system\BaseModel.php(832): CodeIgniter\BaseModel->transformDataToArray('02096316032', 'update')
#1 D:\Book-py3\PHP\project\test2\system\Model.php(646): CodeIgniter\BaseModel->update(Array, '02096316032')
#2 D:\Book-py3\PHP\project\test2\app\Controllers\front\Home.php(281): CodeIgniter\Model->update('justinnew49@gma...', '02096316032', Array)
#3 D:\Book-py3\PHP\project\test2\system\CodeIgniter.php(824): App\Controllers\front\Home->forgot()
#4 D:\Book-py3\PHP\project\test2\system\CodeIgniter.php(410): CodeIgniter\CodeIgniter->runController(Object(App\Controllers\front\Home))
#5 D:\Book-py3\PHP\project\test2\system\CodeIgniter.php(318): CodeIgniter\CodeIgniter->handleRequest(NULL, Object(Config\Cache), false)
#6 D:\Book-py3\PHP\project\test2\public\index.php(37): CodeIgniter\CodeIgniter->run()
#7 D:\Book-py3\PHP\project\test2\system\Commands\Server\rewrite.php(43): require_once('D:\\Book-py3\\PHP...')
#8 {main}
CRITICAL - 2022-02-25 08:48:59 --> Return value of CodeIgniter\BaseModel::transformDataToArray() must be of the type array, string returned
#0 D:\Book-py3\PHP\project\test2\system\BaseModel.php(832): CodeIgniter\BaseModel->transformDataToArray('02096316032', 'update')
#1 D:\Book-py3\PHP\project\test2\system\Model.php(646): CodeIgniter\BaseModel->update(Array, '02096316032')
#2 D:\Book-py3\PHP\project\test2\app\Controllers\front\Home.php(281): CodeIgniter\Model->update('justinnew49@gma...', '02096316032', Array)
#3 D:\Book-py3\PHP\project\test2\system\CodeIgniter.php(824): App\Controllers\front\Home->forgot()
#4 D:\Book-py3\PHP\project\test2\system\CodeIgniter.php(410): CodeIgniter\CodeIgniter->runController(Object(App\Controllers\front\Home))
#5 D:\Book-py3\PHP\project\test2\system\CodeIgniter.php(318): CodeIgniter\CodeIgniter->handleRequest(NULL, Object(Config\Cache), false)
#6 D:\Book-py3\PHP\project\test2\public\index.php(37): CodeIgniter\CodeIgniter->run()
#7 D:\Book-py3\PHP\project\test2\system\Commands\Server\rewrite.php(43): require_once('D:\\Book-py3\\PHP...')
#8 {main}
CRITICAL - 2022-02-25 08:50:26 --> Return value of CodeIgniter\BaseModel::transformDataToArray() must be of the type array, string returned
#0 D:\Book-py3\PHP\project\test2\system\BaseModel.php(832): CodeIgniter\BaseModel->transformDataToArray('02096316032', 'update')
#1 D:\Book-py3\PHP\project\test2\system\Model.php(646): CodeIgniter\BaseModel->update(Array, '02096316032')
#2 D:\Book-py3\PHP\project\test2\app\Controllers\front\Home.php(287): CodeIgniter\Model->update('justinnew49@gma...', '02096316032', Array)
#3 D:\Book-py3\PHP\project\test2\system\CodeIgniter.php(824): App\Controllers\front\Home->forgot()
#4 D:\Book-py3\PHP\project\test2\system\CodeIgniter.php(410): CodeIgniter\CodeIgniter->runController(Object(App\Controllers\front\Home))
#5 D:\Book-py3\PHP\project\test2\system\CodeIgniter.php(318): CodeIgniter\CodeIgniter->handleRequest(NULL, Object(Config\Cache), false)
#6 D:\Book-py3\PHP\project\test2\public\index.php(37): CodeIgniter\CodeIgniter->run()
#7 D:\Book-py3\PHP\project\test2\system\Commands\Server\rewrite.php(43): require_once('D:\\Book-py3\\PHP...')
#8 {main}
CRITICAL - 2022-02-25 08:50:40 --> Return value of CodeIgniter\BaseModel::transformDataToArray() must be of the type array, string returned
#0 D:\Book-py3\PHP\project\test2\system\BaseModel.php(832): CodeIgniter\BaseModel->transformDataToArray('02096316032', 'update')
#1 D:\Book-py3\PHP\project\test2\system\Model.php(646): CodeIgniter\BaseModel->update(Array, '02096316032')
#2 D:\Book-py3\PHP\project\test2\app\Controllers\front\Home.php(287): CodeIgniter\Model->update('justinnew49@gma...', '02096316032', Array)
#3 D:\Book-py3\PHP\project\test2\system\CodeIgniter.php(824): App\Controllers\front\Home->forgot()
#4 D:\Book-py3\PHP\project\test2\system\CodeIgniter.php(410): CodeIgniter\CodeIgniter->runController(Object(App\Controllers\front\Home))
#5 D:\Book-py3\PHP\project\test2\system\CodeIgniter.php(318): CodeIgniter\CodeIgniter->handleRequest(NULL, Object(Config\Cache), false)
#6 D:\Book-py3\PHP\project\test2\public\index.php(37): CodeIgniter\CodeIgniter->run()
#7 D:\Book-py3\PHP\project\test2\system\Commands\Server\rewrite.php(43): require_once('D:\\Book-py3\\PHP...')
#8 {main}
CRITICAL - 2022-02-25 08:52:38 --> Return value of CodeIgniter\BaseModel::transformDataToArray() must be of the type array, string returned
#0 D:\Book-py3\PHP\project\test2\system\BaseModel.php(832): CodeIgniter\BaseModel->transformDataToArray('02096316032', 'update')
#1 D:\Book-py3\PHP\project\test2\system\Model.php(646): CodeIgniter\BaseModel->update(Array, '02096316032')
#2 D:\Book-py3\PHP\project\test2\app\Controllers\front\Home.php(287): CodeIgniter\Model->update('justinnew49@gma...', '02096316032', Array)
#3 D:\Book-py3\PHP\project\test2\system\CodeIgniter.php(824): App\Controllers\front\Home->forgot()
#4 D:\Book-py3\PHP\project\test2\system\CodeIgniter.php(410): CodeIgniter\CodeIgniter->runController(Object(App\Controllers\front\Home))
#5 D:\Book-py3\PHP\project\test2\system\CodeIgniter.php(318): CodeIgniter\CodeIgniter->handleRequest(NULL, Object(Config\Cache), false)
#6 D:\Book-py3\PHP\project\test2\public\index.php(37): CodeIgniter\CodeIgniter->run()
#7 D:\Book-py3\PHP\project\test2\system\Commands\Server\rewrite.php(43): require_once('D:\\Book-py3\\PHP...')
#8 {main}
CRITICAL - 2022-02-25 08:56:40 --> Return value of CodeIgniter\BaseModel::transformDataToArray() must be of the type array, string returned
#0 D:\Book-py3\PHP\project\test2\system\BaseModel.php(832): CodeIgniter\BaseModel->transformDataToArray('02096316032', 'update')
#1 D:\Book-py3\PHP\project\test2\system\Model.php(646): CodeIgniter\BaseModel->update(Array, '02096316032')
#2 D:\Book-py3\PHP\project\test2\app\Controllers\front\Home.php(287): CodeIgniter\Model->update('justinnew49@gma...', '02096316032', Array)
#3 D:\Book-py3\PHP\project\test2\system\CodeIgniter.php(824): App\Controllers\front\Home->forgot()
#4 D:\Book-py3\PHP\project\test2\system\CodeIgniter.php(410): CodeIgniter\CodeIgniter->runController(Object(App\Controllers\front\Home))
#5 D:\Book-py3\PHP\project\test2\system\CodeIgniter.php(318): CodeIgniter\CodeIgniter->handleRequest(NULL, Object(Config\Cache), false)
#6 D:\Book-py3\PHP\project\test2\public\index.php(37): CodeIgniter\CodeIgniter->run()
#7 D:\Book-py3\PHP\project\test2\system\Commands\Server\rewrite.php(43): require_once('D:\\Book-py3\\PHP...')
#8 {main}
ERROR - 2022-02-25 09:55:44 --> Error connecting to the database: No connection could be made because the target machine actively refused it.

CRITICAL - 2022-02-25 09:55:44 --> Unable to connect to the database.
Main connection [MySQLi]: No connection could be made because the target machine actively refused it.

#0 D:\Book-py3\PHP\project\test2\system\Database\BaseConnection.php(577): CodeIgniter\Database\BaseConnection->initialize()
#1 D:\Book-py3\PHP\project\test2\system\Database\BaseBuilder.php(1443): CodeIgniter\Database\BaseConnection->query('SELECT `tblvehi...', Array, false)
#2 D:\Book-py3\PHP\project\test2\app\Models\VehiclesModel.php(80): CodeIgniter\Database\BaseBuilder->get()
#3 D:\Book-py3\PHP\project\test2\app\Controllers\front\Home.php(26): App\Models\VehiclesModel->showhome()
#4 D:\Book-py3\PHP\project\test2\system\CodeIgniter.php(824): App\Controllers\front\Home->index()
#5 D:\Book-py3\PHP\project\test2\system\CodeIgniter.php(410): CodeIgniter\CodeIgniter->runController(Object(App\Controllers\front\Home))
#6 D:\Book-py3\PHP\project\test2\system\CodeIgniter.php(318): CodeIgniter\CodeIgniter->handleRequest(NULL, Object(Config\Cache), false)
#7 D:\Book-py3\PHP\project\test2\public\index.php(37): CodeIgniter\CodeIgniter->run()
#8 D:\Book-py3\PHP\project\test2\system\Commands\Server\rewrite.php(43): require_once('D:\\Book-py3\\PHP...')
#9 {main}
ERROR - 2022-02-25 09:55:48 --> Error connecting to the database: No connection could be made because the target machine actively refused it.

CRITICAL - 2022-02-25 09:55:48 --> Unable to connect to the database.
Main connection [MySQLi]: No connection could be made because the target machine actively refused it.

#0 D:\Book-py3\PHP\project\test2\system\Database\BaseConnection.php(577): CodeIgniter\Database\BaseConnection->initialize()
#1 D:\Book-py3\PHP\project\test2\system\Database\BaseBuilder.php(1443): CodeIgniter\Database\BaseConnection->query('SELECT `tblvehi...', Array, false)
#2 D:\Book-py3\PHP\project\test2\app\Models\VehiclesModel.php(94): CodeIgniter\Database\BaseBuilder->get()
#3 D:\Book-py3\PHP\project\test2\app\Controllers\Vdetails.php(26): App\Models\VehiclesModel->vdetails('14')
#4 D:\Book-py3\PHP\project\test2\system\CodeIgniter.php(824): App\Controllers\Vdetails->index('14')
#5 D:\Book-py3\PHP\project\test2\system\CodeIgniter.php(410): CodeIgniter\CodeIgniter->runController(Object(App\Controllers\Vdetails))
#6 D:\Book-py3\PHP\project\test2\system\CodeIgniter.php(318): CodeIgniter\CodeIgniter->handleRequest(NULL, Object(Config\Cache), false)
#7 D:\Book-py3\PHP\project\test2\public\index.php(37): CodeIgniter\CodeIgniter->run()
#8 D:\Book-py3\PHP\project\test2\system\Commands\Server\rewrite.php(43): require_once('D:\\Book-py3\\PHP...')
#9 {main}
CRITICAL - 2022-02-25 10:59:19 --> Object of class App\Models\VehiclesModel could not be converted to string
#0 D:\Book-py3\PHP\project\test2\system\Database\Query.php(330): strtr('SELECT `tblvehi...', Array)
#1 D:\Book-py3\PHP\project\test2\system\Database\Query.php(304): CodeIgniter\Database\Query->matchNamedBinds('SELECT `tblvehi...', Array)
#2 D:\Book-py3\PHP\project\test2\system\Database\Query.php(150): CodeIgniter\Database\Query->compileBinds()
#3 D:\Book-py3\PHP\project\test2\system\Database\BaseConnection.php(598): CodeIgniter\Database\Query->getQuery()
#4 D:\Book-py3\PHP\project\test2\system\Database\BaseBuilder.php(1443): CodeIgniter\Database\BaseConnection->query('SELECT `tblvehi...', Array, false)
#5 D:\Book-py3\PHP\project\test2\app\Models\VehiclesModel.php(107): CodeIgniter\Database\BaseBuilder->get()
#6 D:\Book-py3\PHP\project\test2\app\Controllers\Vdetails.php(27): App\Models\VehiclesModel->similar(Object(App\Models\VehiclesModel))
#7 D:\Book-py3\PHP\project\test2\system\CodeIgniter.php(824): App\Controllers\Vdetails->index('13')
#8 D:\Book-py3\PHP\project\test2\system\CodeIgniter.php(410): CodeIgniter\CodeIgniter->runController(Object(App\Controllers\Vdetails))
#9 D:\Book-py3\PHP\project\test2\system\CodeIgniter.php(318): CodeIgniter\CodeIgniter->handleRequest(NULL, Object(Config\Cache), false)
#10 D:\Book-py3\PHP\project\test2\public\index.php(37): CodeIgniter\CodeIgniter->run()
#11 D:\Book-py3\PHP\project\test2\system\Commands\Server\rewrite.php(43): require_once('D:\\Book-py3\\PHP...')
#12 {main}
